{"/home/santi/code/frontend-coding-test-js/src/components/Loader.vue": {"path":"/home/santi/code/frontend-coding-test-js/src/components/Loader.vue","statementMap":{"0":{"start":{"line":3,"column":0},"end":{"line":5,"column":3}},"1":{"start":{"line":6,"column":0},"end":{"line":6,"column":24}},"2":{"start":{"line":7,"column":11},"end":{"line":7,"column":25}},"3":{"start":{"line":8,"column":17},"end":{"line":10,"column":1}},"4":{"start":{"line":12,"column":2},"end":{"line":12,"column":80}},"5":{"start":{"line":13,"column":2},"end":{"line":13,"column":49}}},"fnMap":{"0":{"name":"render","decl":{"start":{"line":11,"column":9},"end":{"line":11,"column":15}},"loc":{"start":{"line":11,"column":30},"end":{"line":13,"column":1}},"line":11}},"branchMap":{},"s":{"0":2,"1":2,"2":2,"3":2,"4":1,"5":2},"f":{"0":1},"b":{},"inputSourceMap":{"0":"{","1":"\"","2":"v","3":"e","4":"r","5":"s","6":"i","7":"o","8":"n","9":"\"","10":":","11":"3","12":",","13":"\"","14":"s","15":"o","16":"u","17":"r","18":"c","19":"e","20":"s","21":"\"","22":":","23":"[","24":"]","25":",","26":"\"","27":"n","28":"a","29":"m","30":"e","31":"s","32":"\"","33":":","34":"[","35":"]","36":",","37":"\"","38":"m","39":"a","40":"p","41":"p","42":"i","43":"n","44":"g","45":"s","46":"\"","47":":","48":"\"","49":"\"","50":",","51":"\"","52":"f","53":"i","54":"l","55":"e","56":"\"","57":":","58":"\"","59":"/","60":"h","61":"o","62":"m","63":"e","64":"/","65":"s","66":"a","67":"n","68":"t","69":"i","70":"/","71":"c","72":"o","73":"d","74":"e","75":"/","76":"f","77":"r","78":"o","79":"n","80":"t","81":"e","82":"n","83":"d","84":"-","85":"c","86":"o","87":"d","88":"i","89":"n","90":"g","91":"-","92":"t","93":"e","94":"s","95":"t","96":"-","97":"j","98":"s","99":"/","100":"s","101":"r","102":"c","103":"/","104":"c","105":"o","106":"m","107":"p","108":"o","109":"n","110":"e","111":"n","112":"t","113":"s","114":"/","115":"L","116":"o","117":"a","118":"d","119":"e","120":"r","121":".","122":"v","123":"u","124":"e","125":"\"","126":"}"},"_coverageSchema":"1a1c01bbd47fc00a2c39e90264f33305004495a9","hash":"a11b4bdb94a422ed75bfb56ad676195fb0e6ca98"}
,"/home/santi/code/frontend-coding-test-js/src/components/PokemonDetail.vue": {"path":"/home/santi/code/frontend-coding-test-js/src/components/PokemonDetail.vue","statementMap":{"0":{"start":{"line":3,"column":49},"end":{"line":3,"column":316}},"1":{"start":{"line":3,"column":149},"end":{"line":3,"column":165}},"2":{"start":{"line":3,"column":185},"end":{"line":3,"column":301}},"3":{"start":{"line":4,"column":0},"end":{"line":6,"column":3}},"4":{"start":{"line":7,"column":0},"end":{"line":7,"column":28}},"5":{"start":{"line":8,"column":11},"end":{"line":8,"column":25}},"6":{"start":{"line":9,"column":17},"end":{"line":9,"column":38}},"7":{"start":{"line":10,"column":12},"end":{"line":10,"column":27}},"8":{"start":{"line":11,"column":14},"end":{"line":11,"column":61}},"9":{"start":{"line":12,"column":39},"end":{"line":12,"column":95}},"10":{"start":{"line":13,"column":196},"end":{"line":13,"column":263}},"11":{"start":{"line":13,"column":251},"end":{"line":13,"column":260}},"12":{"start":{"line":13,"column":275},"end":{"line":13,"column":277}},"13":{"start":{"line":13,"column":283},"end":{"line":13,"column":299}},"14":{"start":{"line":13,"column":305},"end":{"line":13,"column":321}},"15":{"start":{"line":13,"column":327},"end":{"line":13,"column":390}},"16":{"start":{"line":13,"column":373},"end":{"line":13,"column":388}},"17":{"start":{"line":13,"column":396},"end":{"line":13,"column":437}},"18":{"start":{"line":13,"column":443},"end":{"line":13,"column":469}},"19":{"start":{"line":13,"column":475},"end":{"line":13,"column":511}},"20":{"start":{"line":13,"column":517},"end":{"line":13,"column":549}},"21":{"start":{"line":13,"column":578},"end":{"line":13,"column":681}},"22":{"start":{"line":13,"column":684},"end":{"line":13,"column":777}},"23":{"start":{"line":13,"column":690},"end":{"line":13,"column":705}},"24":{"start":{"line":13,"column":720},"end":{"line":13,"column":775}},"25":{"start":{"line":13,"column":756},"end":{"line":13,"column":772}},"26":{"start":{"line":13,"column":814},"end":{"line":13,"column":867}},"27":{"start":{"line":13,"column":873},"end":{"line":13,"column":899}},"28":{"start":{"line":13,"column":905},"end":{"line":13,"column":925}},"29":{"start":{"line":13,"column":927},"end":{"line":13,"column":991}},"30":{"start":{"line":13,"column":1023},"end":{"line":13,"column":1124}},"31":{"start":{"line":13,"column":1029},"end":{"line":13,"column":1074}},"32":{"start":{"line":13,"column":1089},"end":{"line":13,"column":1122}},"33":{"start":{"line":13,"column":1127},"end":{"line":13,"column":1141}},"34":{"start":{"line":13,"column":1150},"end":{"line":13,"column":1166}},"35":{"start":{"line":13,"column":1172},"end":{"line":13,"column":1188}},"36":{"start":{"line":13,"column":1194},"end":{"line":13,"column":1205}},"37":{"start":{"line":13,"column":1211},"end":{"line":13,"column":1222}},"38":{"start":{"line":13,"column":1228},"end":{"line":13,"column":1230}},"39":{"start":{"line":13,"column":1337},"end":{"line":13,"column":1339}},"40":{"start":{"line":13,"column":1341},"end":{"line":13,"column":1384}},"41":{"start":{"line":13,"column":1368},"end":{"line":13,"column":1380}},"42":{"start":{"line":13,"column":1393},"end":{"line":13,"column":1414}},"43":{"start":{"line":13,"column":1420},"end":{"line":13,"column":1441}},"44":{"start":{"line":13,"column":1443},"end":{"line":13,"column":1483}},"45":{"start":{"line":13,"column":1492},"end":{"line":13,"column":1569}},"46":{"start":{"line":13,"column":1607},"end":{"line":13,"column":1720}},"47":{"start":{"line":13,"column":1658},"end":{"line":13,"column":1716}},"48":{"start":{"line":13,"column":1686},"end":{"line":13,"column":1712}},"49":{"start":{"line":13,"column":1792},"end":{"line":13,"column":1812}},"50":{"start":{"line":13,"column":1814},"end":{"line":13,"column":2152}},"51":{"start":{"line":13,"column":1848},"end":{"line":13,"column":1853}},"52":{"start":{"line":13,"column":1859},"end":{"line":13,"column":1866}},"53":{"start":{"line":13,"column":1868},"end":{"line":13,"column":2150}},"54":{"start":{"line":13,"column":1970},"end":{"line":13,"column":1994}},"55":{"start":{"line":13,"column":2013},"end":{"line":13,"column":2038}},"56":{"start":{"line":13,"column":2077},"end":{"line":13,"column":2095}},"57":{"start":{"line":13,"column":2114},"end":{"line":13,"column":2146}},"58":{"start":{"line":13,"column":2153},"end":{"line":13,"column":2162}},"59":{"start":{"line":13,"column":2172},"end":{"line":13,"column":2435}},"60":{"start":{"line":13,"column":2263},"end":{"line":13,"column":2317}},"61":{"start":{"line":13,"column":2294},"end":{"line":13,"column":2313}},"62":{"start":{"line":13,"column":2320},"end":{"line":13,"column":2429}},"63":{"start":{"line":13,"column":2483},"end":{"line":13,"column":2484}},"64":{"start":{"line":13,"column":2486},"end":{"line":13,"column":3215}},"65":{"start":{"line":13,"column":2511},"end":{"line":13,"column":2572}},"66":{"start":{"line":13,"column":2524},"end":{"line":13,"column":2572}},"67":{"start":{"line":13,"column":2573},"end":{"line":13,"column":2648}},"68":{"start":{"line":13,"column":2588},"end":{"line":13,"column":2615}},"69":{"start":{"line":13,"column":2607},"end":{"line":13,"column":2615}},"70":{"start":{"line":13,"column":2616},"end":{"line":13,"column":2646}},"71":{"start":{"line":13,"column":2649},"end":{"line":13,"column":3212}},"72":{"start":{"line":13,"column":2691},"end":{"line":13,"column":2701}},"73":{"start":{"line":13,"column":2703},"end":{"line":13,"column":2792}},"74":{"start":{"line":13,"column":2720},"end":{"line":13,"column":2745}},"75":{"start":{"line":13,"column":2747},"end":{"line":13,"column":2790}},"76":{"start":{"line":13,"column":2756},"end":{"line":13,"column":2778}},"77":{"start":{"line":13,"column":2769},"end":{"line":13,"column":2778}},"78":{"start":{"line":13,"column":2779},"end":{"line":13,"column":2788}},"79":{"start":{"line":13,"column":2793},"end":{"line":13,"column":2995}},"80":{"start":{"line":13,"column":2818},"end":{"line":13,"column":2843}},"81":{"start":{"line":13,"column":2848},"end":{"line":13,"column":2995}},"82":{"start":{"line":13,"column":2876},"end":{"line":13,"column":2908}},"83":{"start":{"line":13,"column":2889},"end":{"line":13,"column":2908}},"84":{"start":{"line":13,"column":2909},"end":{"line":13,"column":2936}},"85":{"start":{"line":13,"column":2944},"end":{"line":13,"column":2995}},"86":{"start":{"line":13,"column":2996},"end":{"line":13,"column":3002}},"87":{"start":{"line":13,"column":3011},"end":{"line":13,"column":3028}},"88":{"start":{"line":13,"column":3030},"end":{"line":13,"column":3144}},"89":{"start":{"line":13,"column":3057},"end":{"line":13,"column":3103}},"90":{"start":{"line":13,"column":3094},"end":{"line":13,"column":3103}},"91":{"start":{"line":13,"column":3104},"end":{"line":13,"column":3142}},"92":{"start":{"line":13,"column":3145},"end":{"line":13,"column":3210}},"93":{"start":{"line":13,"column":3263},"end":{"line":13,"column":3271}},"94":{"start":{"line":13,"column":3277},"end":{"line":13,"column":3290}},"95":{"start":{"line":13,"column":3292},"end":{"line":13,"column":3576}},"96":{"start":{"line":13,"column":3305},"end":{"line":13,"column":3576}},"97":{"start":{"line":13,"column":3585},"end":{"line":13,"column":3615}},"98":{"start":{"line":13,"column":3617},"end":{"line":13,"column":3704}},"99":{"start":{"line":13,"column":3641},"end":{"line":13,"column":3704}},"100":{"start":{"line":13,"column":3713},"end":{"line":13,"column":3718}},"101":{"start":{"line":13,"column":3720},"end":{"line":13,"column":3975}},"102":{"start":{"line":13,"column":4013},"end":{"line":13,"column":4029}},"103":{"start":{"line":13,"column":4031},"end":{"line":13,"column":4138}},"104":{"start":{"line":13,"column":4177},"end":{"line":13,"column":4195}},"105":{"start":{"line":13,"column":4197},"end":{"line":13,"column":4247}},"106":{"start":{"line":13,"column":4272},"end":{"line":13,"column":4358}},"107":{"start":{"line":13,"column":4382},"end":{"line":13,"column":4703}},"108":{"start":{"line":13,"column":4411},"end":{"line":13,"column":4415}},"109":{"start":{"line":13,"column":4417},"end":{"line":13,"column":4441}},"110":{"start":{"line":13,"column":4424},"end":{"line":13,"column":4441}},"111":{"start":{"line":13,"column":4442},"end":{"line":13,"column":4484}},"112":{"start":{"line":13,"column":4475},"end":{"line":13,"column":4484}},"113":{"start":{"line":13,"column":4485},"end":{"line":13,"column":4701}},"114":{"start":{"line":13,"column":4517},"end":{"line":13,"column":4519}},"115":{"start":{"line":13,"column":4525},"end":{"line":13,"column":4679}},"116":{"start":{"line":13,"column":4543},"end":{"line":13,"column":4632}},"117":{"start":{"line":13,"column":4567},"end":{"line":13,"column":4632}},"118":{"start":{"line":13,"column":4585},"end":{"line":13,"column":4632}},"119":{"start":{"line":13,"column":4633},"end":{"line":13,"column":4677}},"120":{"start":{"line":13,"column":4681},"end":{"line":13,"column":4699}},"121":{"start":{"line":13,"column":4704},"end":{"line":13,"column":4757}},"122":{"start":{"line":13,"column":4760},"end":{"line":13,"column":9059}},"123":{"start":{"line":13,"column":5136},"end":{"line":13,"column":5175}},"124":{"start":{"line":13,"column":5177},"end":{"line":13,"column":5270}},"125":{"start":{"line":13,"column":5298},"end":{"line":13,"column":5497}},"126":{"start":{"line":13,"column":5526},"end":{"line":13,"column":5548}},"127":{"start":{"line":13,"column":5649},"end":{"line":13,"column":5661}},"128":{"start":{"line":13,"column":5736},"end":{"line":13,"column":5766}},"129":{"start":{"line":13,"column":5775},"end":{"line":13,"column":5813}},"130":{"start":{"line":13,"column":5815},"end":{"line":13,"column":5921}},"131":{"start":{"line":13,"column":5882},"end":{"line":13,"column":5917}},"132":{"start":{"line":13,"column":6005},"end":{"line":13,"column":6017}},"133":{"start":{"line":13,"column":6058},"end":{"line":13,"column":6086}},"134":{"start":{"line":13,"column":6123},"end":{"line":13,"column":6132}},"135":{"start":{"line":13,"column":6138},"end":{"line":13,"column":6140}},"136":{"start":{"line":13,"column":6142},"end":{"line":13,"column":6169}},"137":{"start":{"line":13,"column":6159},"end":{"line":13,"column":6169}},"138":{"start":{"line":13,"column":6170},"end":{"line":13,"column":6335}},"139":{"start":{"line":13,"column":6208},"end":{"line":13,"column":6303}},"140":{"start":{"line":13,"column":6236},"end":{"line":13,"column":6243}},"141":{"start":{"line":13,"column":6245},"end":{"line":13,"column":6301}},"142":{"start":{"line":13,"column":6257},"end":{"line":13,"column":6301}},"143":{"start":{"line":13,"column":6304},"end":{"line":13,"column":6332}},"144":{"start":{"line":13,"column":6429},"end":{"line":13,"column":6708}},"145":{"start":{"line":13,"column":6609},"end":{"line":13,"column":6708}},"146":{"start":{"line":13,"column":6629},"end":{"line":13,"column":6708}},"147":{"start":{"line":13,"column":6736},"end":{"line":13,"column":6751}},"148":{"start":{"line":13,"column":6760},"end":{"line":13,"column":6789}},"149":{"start":{"line":13,"column":6791},"end":{"line":13,"column":6827}},"150":{"start":{"line":13,"column":6815},"end":{"line":13,"column":6827}},"151":{"start":{"line":13,"column":6828},"end":{"line":13,"column":6845}},"152":{"start":{"line":13,"column":6900},"end":{"line":13,"column":6923}},"153":{"start":{"line":13,"column":6915},"end":{"line":13,"column":6923}},"154":{"start":{"line":13,"column":6932},"end":{"line":13,"column":6936}},"155":{"start":{"line":13,"column":6962},"end":{"line":13,"column":7051}},"156":{"start":{"line":13,"column":7054},"end":{"line":13,"column":7639}},"157":{"start":{"line":13,"column":7067},"end":{"line":13,"column":7093}},"158":{"start":{"line":13,"column":7118},"end":{"line":13,"column":7136}},"159":{"start":{"line":13,"column":7142},"end":{"line":13,"column":7154}},"160":{"start":{"line":13,"column":7156},"end":{"line":13,"column":7202}},"161":{"start":{"line":13,"column":7181},"end":{"line":13,"column":7202}},"162":{"start":{"line":13,"column":7203},"end":{"line":13,"column":7637}},"163":{"start":{"line":13,"column":7240},"end":{"line":13,"column":7261}},"164":{"start":{"line":13,"column":7267},"end":{"line":13,"column":7290}},"165":{"start":{"line":13,"column":7292},"end":{"line":13,"column":7635}},"166":{"start":{"line":13,"column":7306},"end":{"line":13,"column":7364}},"167":{"start":{"line":13,"column":7334},"end":{"line":13,"column":7364}},"168":{"start":{"line":13,"column":7365},"end":{"line":13,"column":7423}},"169":{"start":{"line":13,"column":7395},"end":{"line":13,"column":7423}},"170":{"start":{"line":13,"column":7431},"end":{"line":13,"column":7635}},"171":{"start":{"line":13,"column":7440},"end":{"line":13,"column":7498}},"172":{"start":{"line":13,"column":7468},"end":{"line":13,"column":7498}},"173":{"start":{"line":13,"column":7508},"end":{"line":13,"column":7574}},"174":{"start":{"line":13,"column":7516},"end":{"line":13,"column":7574}},"175":{"start":{"line":13,"column":7575},"end":{"line":13,"column":7633}},"176":{"start":{"line":13,"column":7605},"end":{"line":13,"column":7633}},"177":{"start":{"line":13,"column":7675},"end":{"line":13,"column":7864}},"178":{"start":{"line":13,"column":7688},"end":{"line":13,"column":7714}},"179":{"start":{"line":13,"column":7739},"end":{"line":13,"column":7757}},"180":{"start":{"line":13,"column":7759},"end":{"line":13,"column":7862}},"181":{"start":{"line":13,"column":7851},"end":{"line":13,"column":7852}},"182":{"start":{"line":13,"column":7854},"end":{"line":13,"column":7860}},"183":{"start":{"line":13,"column":7865},"end":{"line":13,"column":7958}},"184":{"start":{"line":13,"column":7967},"end":{"line":13,"column":7988}},"185":{"start":{"line":13,"column":7990},"end":{"line":13,"column":8095}},"186":{"start":{"line":13,"column":8135},"end":{"line":13,"column":8171}},"187":{"start":{"line":13,"column":8159},"end":{"line":13,"column":8171}},"188":{"start":{"line":13,"column":8172},"end":{"line":13,"column":8390}},"189":{"start":{"line":13,"column":8423},"end":{"line":13,"column":8601}},"190":{"start":{"line":13,"column":8436},"end":{"line":13,"column":8462}},"191":{"start":{"line":13,"column":8487},"end":{"line":13,"column":8505}},"192":{"start":{"line":13,"column":8507},"end":{"line":13,"column":8599}},"193":{"start":{"line":13,"column":8531},"end":{"line":13,"column":8599}},"194":{"start":{"line":13,"column":8635},"end":{"line":13,"column":8837}},"195":{"start":{"line":13,"column":8648},"end":{"line":13,"column":8674}},"196":{"start":{"line":13,"column":8699},"end":{"line":13,"column":8717}},"197":{"start":{"line":13,"column":8719},"end":{"line":13,"column":8835}},"198":{"start":{"line":13,"column":8749},"end":{"line":13,"column":8761}},"199":{"start":{"line":13,"column":8763},"end":{"line":13,"column":8823}},"200":{"start":{"line":13,"column":8797},"end":{"line":13,"column":8802}},"201":{"start":{"line":13,"column":8804},"end":{"line":13,"column":8821}},"202":{"start":{"line":13,"column":8824},"end":{"line":13,"column":8833}},"203":{"start":{"line":13,"column":8838},"end":{"line":13,"column":8879}},"204":{"start":{"line":13,"column":8932},"end":{"line":13,"column":9051}},"205":{"start":{"line":14,"column":77},"end":{"line":14,"column":175}},"206":{"start":{"line":14,"column":94},"end":{"line":14,"column":107}},"207":{"start":{"line":14,"column":121},"end":{"line":14,"column":131}},"208":{"start":{"line":14,"column":151},"end":{"line":14,"column":165}},"209":{"start":{"line":14,"column":166},"end":{"line":14,"column":173}},"210":{"start":{"line":14,"column":176},"end":{"line":14,"column":263}},"211":{"start":{"line":14,"column":193},"end":{"line":14,"column":208}},"212":{"start":{"line":14,"column":218},"end":{"line":14,"column":261}},"213":{"start":{"line":15,"column":33},"end":{"line":15,"column":387}},"214":{"start":{"line":15,"column":65},"end":{"line":15,"column":69}},"215":{"start":{"line":15,"column":78},"end":{"line":15,"column":87}},"216":{"start":{"line":15,"column":89},"end":{"line":15,"column":384}},"217":{"start":{"line":15,"column":147},"end":{"line":15,"column":167}},"218":{"start":{"line":15,"column":193},"end":{"line":15,"column":264}},"219":{"start":{"line":15,"column":290},"end":{"line":15,"column":360}},"220":{"start":{"line":15,"column":363},"end":{"line":15,"column":380}},"221":{"start":{"line":16,"column":15},"end":{"line":90,"column":1}},"222":{"start":{"line":19,"column":19},"end":{"line":19,"column":30}},"223":{"start":{"line":20,"column":4},"end":{"line":20,"column":15}},"224":{"start":{"line":21,"column":16},"end":{"line":21,"column":37}},"225":{"start":{"line":22,"column":16},"end":{"line":22,"column":42}},"226":{"start":{"line":23,"column":18},"end":{"line":25,"column":6}},"227":{"start":{"line":24,"column":6},"end":{"line":24,"column":43}},"228":{"start":{"line":26,"column":20},"end":{"line":28,"column":6}},"229":{"start":{"line":27,"column":6},"end":{"line":27,"column":35}},"230":{"start":{"line":29,"column":18},"end":{"line":29,"column":43}},"231":{"start":{"line":30,"column":21},"end":{"line":30,"column":41}},"232":{"start":{"line":31,"column":4},"end":{"line":52,"column":9}},"233":{"start":{"line":32,"column":6},"end":{"line":51,"column":34}},"234":{"start":{"line":33,"column":8},"end":{"line":50,"column":9}},"235":{"start":{"line":33,"column":18},"end":{"line":50,"column":9}},"236":{"start":{"line":35,"column":12},"end":{"line":35,"column":30}},"237":{"start":{"line":36,"column":12},"end":{"line":36,"column":30}},"238":{"start":{"line":37,"column":12},"end":{"line":37,"column":69}},"239":{"start":{"line":39,"column":12},"end":{"line":39,"column":91}},"240":{"start":{"line":40,"column":12},"end":{"line":40,"column":31}},"241":{"start":{"line":41,"column":12},"end":{"line":41,"column":18}},"242":{"start":{"line":43,"column":12},"end":{"line":43,"column":30}},"243":{"start":{"line":44,"column":12},"end":{"line":44,"column":47}},"244":{"start":{"line":45,"column":12},"end":{"line":45,"column":79}},"245":{"start":{"line":46,"column":12},"end":{"line":46,"column":71}},"246":{"start":{"line":49,"column":12},"end":{"line":49,"column":35}},"247":{"start":{"line":53,"column":25},"end":{"line":57,"column":6}},"248":{"start":{"line":54,"column":6},"end":{"line":56,"column":25}},"249":{"start":{"line":55,"column":8},"end":{"line":55,"column":41}},"250":{"start":{"line":58,"column":21},"end":{"line":60,"column":6}},"251":{"start":{"line":59,"column":6},"end":{"line":59,"column":59}},"252":{"start":{"line":61,"column":21},"end":{"line":63,"column":6}},"253":{"start":{"line":62,"column":6},"end":{"line":62,"column":59}},"254":{"start":{"line":64,"column":23},"end":{"line":83,"column":5}},"255":{"start":{"line":77,"column":8},"end":{"line":77,"column":35}},"256":{"start":{"line":80,"column":8},"end":{"line":80,"column":30}},"257":{"start":{"line":84,"column":4},"end":{"line":87,"column":7}},"258":{"start":{"line":88,"column":4},"end":{"line":88,"column":24}},"259":{"start":{"line":93,"column":0},"end":{"line":95,"column":3}},"260":{"start":{"line":96,"column":0},"end":{"line":96,"column":24}},"261":{"start":{"line":97,"column":11},"end":{"line":97,"column":25}},"262":{"start":{"line":98,"column":17},"end":{"line":101,"column":1}},"263":{"start":{"line":102,"column":17},"end":{"line":104,"column":1}},"264":{"start":{"line":105,"column":17},"end":{"line":107,"column":1}},"265":{"start":{"line":108,"column":17},"end":{"line":110,"column":1}},"266":{"start":{"line":111,"column":17},"end":{"line":113,"column":1}},"267":{"start":{"line":114,"column":17},"end":{"line":114,"column":24}},"268":{"start":{"line":115,"column":17},"end":{"line":117,"column":1}},"269":{"start":{"line":118,"column":17},"end":{"line":120,"column":1}},"270":{"start":{"line":121,"column":30},"end":{"line":121,"column":107}},"271":{"start":{"line":123,"column":31},"end":{"line":123,"column":72}},"272":{"start":{"line":124,"column":2},"end":{"line":144,"column":10}},"273":{"start":{"line":133,"column":6},"end":{"line":133,"column":50}},"274":{"start":{"line":141,"column":6},"end":{"line":141,"column":50}},"275":{"start":{"line":145,"column":2},"end":{"line":145,"column":49}}},"fnMap":{"0":{"name":"_typeof","decl":{"start":{"line":3,"column":9},"end":{"line":3,"column":16}},"loc":{"start":{"line":3,"column":20},"end":{"line":3,"column":318}},"line":3},"1":{"name":"(anonymous_1)","decl":{"start":{"line":3,"column":134},"end":{"line":3,"column":135}},"loc":{"start":{"line":3,"column":147},"end":{"line":3,"column":167}},"line":3},"2":{"name":"(anonymous_2)","decl":{"start":{"line":3,"column":170},"end":{"line":3,"column":171}},"loc":{"start":{"line":3,"column":183},"end":{"line":3,"column":303}},"line":3},"3":{"name":"_interopRequireDefault","decl":{"start":{"line":12,"column":9},"end":{"line":12,"column":31}},"loc":{"start":{"line":12,"column":37},"end":{"line":12,"column":97}},"line":12},"4":{"name":"_regeneratorRuntime","decl":{"start":{"line":13,"column":9},"end":{"line":13,"column":28}},"loc":{"start":{"line":13,"column":31},"end":{"line":13,"column":9061}},"line":13},"5":{"name":"_regeneratorRuntime","decl":{"start":{"line":13,"column":227},"end":{"line":13,"column":246}},"loc":{"start":{"line":13,"column":249},"end":{"line":13,"column":262}},"line":13},"6":{"name":"(anonymous_6)","decl":{"start":{"line":13,"column":352},"end":{"line":13,"column":353}},"loc":{"start":{"line":13,"column":371},"end":{"line":13,"column":390}},"line":13},"7":{"name":"define","decl":{"start":{"line":13,"column":560},"end":{"line":13,"column":566}},"loc":{"start":{"line":13,"column":576},"end":{"line":13,"column":683}},"line":13},"8":{"name":"define","decl":{"start":{"line":13,"column":738},"end":{"line":13,"column":744}},"loc":{"start":{"line":13,"column":754},"end":{"line":13,"column":774}},"line":13},"9":{"name":"wrap","decl":{"start":{"line":13,"column":787},"end":{"line":13,"column":791}},"loc":{"start":{"line":13,"column":804},"end":{"line":13,"column":993}},"line":13},"10":{"name":"tryCatch","decl":{"start":{"line":13,"column":1003},"end":{"line":13,"column":1011}},"loc":{"start":{"line":13,"column":1021},"end":{"line":13,"column":1126}},"line":13},"11":{"name":"Generator","decl":{"start":{"line":13,"column":1241},"end":{"line":13,"column":1250}},"loc":{"start":{"line":13,"column":1253},"end":{"line":13,"column":1255}},"line":13},"12":{"name":"GeneratorFunction","decl":{"start":{"line":13,"column":1265},"end":{"line":13,"column":1282}},"loc":{"start":{"line":13,"column":1285},"end":{"line":13,"column":1287}},"line":13},"13":{"name":"GeneratorFunctionPrototype","decl":{"start":{"line":13,"column":1297},"end":{"line":13,"column":1323}},"loc":{"start":{"line":13,"column":1326},"end":{"line":13,"column":1328}},"line":13},"14":{"name":"(anonymous_14)","decl":{"start":{"line":13,"column":1354},"end":{"line":13,"column":1355}},"loc":{"start":{"line":13,"column":1366},"end":{"line":13,"column":1382}},"line":13},"15":{"name":"defineIteratorMethods","decl":{"start":{"line":13,"column":1580},"end":{"line":13,"column":1601}},"loc":{"start":{"line":13,"column":1605},"end":{"line":13,"column":1722}},"line":13},"16":{"name":"(anonymous_16)","decl":{"start":{"line":13,"column":1643},"end":{"line":13,"column":1644}},"loc":{"start":{"line":13,"column":1656},"end":{"line":13,"column":1718}},"line":13},"17":{"name":"(anonymous_17)","decl":{"start":{"line":13,"column":1671},"end":{"line":13,"column":1672}},"loc":{"start":{"line":13,"column":1684},"end":{"line":13,"column":1714}},"line":13},"18":{"name":"AsyncIterator","decl":{"start":{"line":13,"column":1732},"end":{"line":13,"column":1745}},"loc":{"start":{"line":13,"column":1752},"end":{"line":13,"column":2437}},"line":13},"19":{"name":"invoke","decl":{"start":{"line":13,"column":1763},"end":{"line":13,"column":1769}},"loc":{"start":{"line":13,"column":1782},"end":{"line":13,"column":2164}},"line":13},"20":{"name":"(anonymous_20)","decl":{"start":{"line":13,"column":1955},"end":{"line":13,"column":1956}},"loc":{"start":{"line":13,"column":1968},"end":{"line":13,"column":1996}},"line":13},"21":{"name":"(anonymous_21)","decl":{"start":{"line":13,"column":1998},"end":{"line":13,"column":1999}},"loc":{"start":{"line":13,"column":2011},"end":{"line":13,"column":2040}},"line":13},"22":{"name":"(anonymous_22)","decl":{"start":{"line":13,"column":2062},"end":{"line":13,"column":2063}},"loc":{"start":{"line":13,"column":2075},"end":{"line":13,"column":2097}},"line":13},"23":{"name":"(anonymous_23)","decl":{"start":{"line":13,"column":2099},"end":{"line":13,"column":2100}},"loc":{"start":{"line":13,"column":2112},"end":{"line":13,"column":2148}},"line":13},"24":{"name":"value","decl":{"start":{"line":13,"column":2209},"end":{"line":13,"column":2214}},"loc":{"start":{"line":13,"column":2221},"end":{"line":13,"column":2431}},"line":13},"25":{"name":"callInvokeWithMethodAndArg","decl":{"start":{"line":13,"column":2232},"end":{"line":13,"column":2258}},"loc":{"start":{"line":13,"column":2261},"end":{"line":13,"column":2319}},"line":13},"26":{"name":"(anonymous_26)","decl":{"start":{"line":13,"column":2276},"end":{"line":13,"column":2277}},"loc":{"start":{"line":13,"column":2292},"end":{"line":13,"column":2315}},"line":13},"27":{"name":"makeInvokeMethod","decl":{"start":{"line":13,"column":2447},"end":{"line":13,"column":2463}},"loc":{"start":{"line":13,"column":2473},"end":{"line":13,"column":3217}},"line":13},"28":{"name":"(anonymous_28)","decl":{"start":{"line":13,"column":2493},"end":{"line":13,"column":2494}},"loc":{"start":{"line":13,"column":2509},"end":{"line":13,"column":3214}},"line":13},"29":{"name":"maybeInvokeDelegate","decl":{"start":{"line":13,"column":3227},"end":{"line":13,"column":3246}},"loc":{"start":{"line":13,"column":3253},"end":{"line":13,"column":3977}},"line":13},"30":{"name":"pushTryEntry","decl":{"start":{"line":13,"column":3987},"end":{"line":13,"column":3999}},"loc":{"start":{"line":13,"column":4003},"end":{"line":13,"column":4140}},"line":13},"31":{"name":"resetTryEntry","decl":{"start":{"line":13,"column":4150},"end":{"line":13,"column":4163}},"loc":{"start":{"line":13,"column":4167},"end":{"line":13,"column":4249}},"line":13},"32":{"name":"Context","decl":{"start":{"line":13,"column":4259},"end":{"line":13,"column":4266}},"loc":{"start":{"line":13,"column":4270},"end":{"line":13,"column":4360}},"line":13},"33":{"name":"values","decl":{"start":{"line":13,"column":4370},"end":{"line":13,"column":4376}},"loc":{"start":{"line":13,"column":4380},"end":{"line":13,"column":4759}},"line":13},"34":{"name":"next","decl":{"start":{"line":13,"column":4534},"end":{"line":13,"column":4538}},"loc":{"start":{"line":13,"column":4541},"end":{"line":13,"column":4679}},"line":13},"35":{"name":"(anonymous_35)","decl":{"start":{"line":13,"column":5113},"end":{"line":13,"column":5114}},"loc":{"start":{"line":13,"column":5126},"end":{"line":13,"column":5272}},"line":13},"36":{"name":"(anonymous_36)","decl":{"start":{"line":13,"column":5283},"end":{"line":13,"column":5284}},"loc":{"start":{"line":13,"column":5296},"end":{"line":13,"column":5499}},"line":13},"37":{"name":"(anonymous_37)","decl":{"start":{"line":13,"column":5511},"end":{"line":13,"column":5512}},"loc":{"start":{"line":13,"column":5524},"end":{"line":13,"column":5550}},"line":13},"38":{"name":"(anonymous_38)","decl":{"start":{"line":13,"column":5635},"end":{"line":13,"column":5636}},"loc":{"start":{"line":13,"column":5647},"end":{"line":13,"column":5663}},"line":13},"39":{"name":"(anonymous_39)","decl":{"start":{"line":13,"column":5709},"end":{"line":13,"column":5710}},"loc":{"start":{"line":13,"column":5734},"end":{"line":13,"column":5923}},"line":13},"40":{"name":"(anonymous_40)","decl":{"start":{"line":13,"column":5867},"end":{"line":13,"column":5868}},"loc":{"start":{"line":13,"column":5880},"end":{"line":13,"column":5919}},"line":13},"41":{"name":"(anonymous_41)","decl":{"start":{"line":13,"column":5991},"end":{"line":13,"column":5992}},"loc":{"start":{"line":13,"column":6003},"end":{"line":13,"column":6019}},"line":13},"42":{"name":"(anonymous_42)","decl":{"start":{"line":13,"column":6044},"end":{"line":13,"column":6045}},"loc":{"start":{"line":13,"column":6056},"end":{"line":13,"column":6088}},"line":13},"43":{"name":"(anonymous_43)","decl":{"start":{"line":13,"column":6100},"end":{"line":13,"column":6101}},"loc":{"start":{"line":13,"column":6113},"end":{"line":13,"column":6337}},"line":13},"44":{"name":"next","decl":{"start":{"line":13,"column":6199},"end":{"line":13,"column":6203}},"loc":{"start":{"line":13,"column":6206},"end":{"line":13,"column":6334}},"line":13},"45":{"name":"reset","decl":{"start":{"line":13,"column":6418},"end":{"line":13,"column":6423}},"loc":{"start":{"line":13,"column":6427},"end":{"line":13,"column":6710}},"line":13},"46":{"name":"stop","decl":{"start":{"line":13,"column":6727},"end":{"line":13,"column":6731}},"loc":{"start":{"line":13,"column":6734},"end":{"line":13,"column":6847}},"line":13},"47":{"name":"dispatchException","decl":{"start":{"line":13,"column":6877},"end":{"line":13,"column":6894}},"loc":{"start":{"line":13,"column":6898},"end":{"line":13,"column":7641}},"line":13},"48":{"name":"handle","decl":{"start":{"line":13,"column":6947},"end":{"line":13,"column":6953}},"loc":{"start":{"line":13,"column":6960},"end":{"line":13,"column":7053}},"line":13},"49":{"name":"abrupt","decl":{"start":{"line":13,"column":7660},"end":{"line":13,"column":7666}},"loc":{"start":{"line":13,"column":7673},"end":{"line":13,"column":8097}},"line":13},"50":{"name":"complete","decl":{"start":{"line":13,"column":8118},"end":{"line":13,"column":8126}},"loc":{"start":{"line":13,"column":8133},"end":{"line":13,"column":8392}},"line":13},"51":{"name":"finish","decl":{"start":{"line":13,"column":8411},"end":{"line":13,"column":8417}},"loc":{"start":{"line":13,"column":8421},"end":{"line":13,"column":8603}},"line":13},"52":{"name":"_catch","decl":{"start":{"line":13,"column":8623},"end":{"line":13,"column":8629}},"loc":{"start":{"line":13,"column":8633},"end":{"line":13,"column":8881}},"line":13},"53":{"name":"delegateYield","decl":{"start":{"line":13,"column":8907},"end":{"line":13,"column":8920}},"loc":{"start":{"line":13,"column":8930},"end":{"line":13,"column":9053}},"line":13},"54":{"name":"asyncGeneratorStep","decl":{"start":{"line":14,"column":9},"end":{"line":14,"column":27}},"loc":{"start":{"line":14,"column":75},"end":{"line":14,"column":265}},"line":14},"55":{"name":"_asyncToGenerator","decl":{"start":{"line":15,"column":9},"end":{"line":15,"column":26}},"loc":{"start":{"line":15,"column":31},"end":{"line":15,"column":389}},"line":15},"56":{"name":"(anonymous_56)","decl":{"start":{"line":15,"column":40},"end":{"line":15,"column":41}},"loc":{"start":{"line":15,"column":52},"end":{"line":15,"column":386}},"line":15},"57":{"name":"(anonymous_57)","decl":{"start":{"line":15,"column":108},"end":{"line":15,"column":109}},"loc":{"start":{"line":15,"column":135},"end":{"line":15,"column":382}},"line":15},"58":{"name":"_next","decl":{"start":{"line":15,"column":178},"end":{"line":15,"column":183}},"loc":{"start":{"line":15,"column":191},"end":{"line":15,"column":266}},"line":15},"59":{"name":"_throw","decl":{"start":{"line":15,"column":276},"end":{"line":15,"column":282}},"loc":{"start":{"line":15,"column":288},"end":{"line":15,"column":362}},"line":15},"60":{"name":"setup","decl":{"start":{"line":18,"column":18},"end":{"line":18,"column":23}},"loc":{"start":{"line":18,"column":39},"end":{"line":89,"column":3}},"line":18},"61":{"name":"(anonymous_61)","decl":{"start":{"line":23,"column":37},"end":{"line":23,"column":38}},"loc":{"start":{"line":23,"column":49},"end":{"line":25,"column":5}},"line":23},"62":{"name":"(anonymous_62)","decl":{"start":{"line":26,"column":39},"end":{"line":26,"column":40}},"loc":{"start":{"line":26,"column":51},"end":{"line":28,"column":5}},"line":26},"63":{"name":"_callee","decl":{"start":{"line":31,"column":106},"end":{"line":31,"column":113}},"loc":{"start":{"line":31,"column":116},"end":{"line":52,"column":5}},"line":31},"64":{"name":"_callee$","decl":{"start":{"line":32,"column":49},"end":{"line":32,"column":57}},"loc":{"start":{"line":32,"column":68},"end":{"line":51,"column":7}},"line":32},"65":{"name":"(anonymous_65)","decl":{"start":{"line":53,"column":44},"end":{"line":53,"column":45}},"loc":{"start":{"line":53,"column":56},"end":{"line":57,"column":5}},"line":53},"66":{"name":"(anonymous_66)","decl":{"start":{"line":54,"column":53},"end":{"line":54,"column":54}},"loc":{"start":{"line":54,"column":66},"end":{"line":56,"column":7}},"line":54},"67":{"name":"(anonymous_67)","decl":{"start":{"line":58,"column":40},"end":{"line":58,"column":41}},"loc":{"start":{"line":58,"column":52},"end":{"line":60,"column":5}},"line":58},"68":{"name":"(anonymous_68)","decl":{"start":{"line":61,"column":40},"end":{"line":61,"column":41}},"loc":{"start":{"line":61,"column":52},"end":{"line":63,"column":5}},"line":61},"69":{"name":"(anonymous_69)","decl":{"start":{"line":76,"column":6},"end":{"line":76,"column":7}},"loc":{"start":{"line":76,"column":21},"end":{"line":78,"column":7}},"line":76},"70":{"name":"(anonymous_70)","decl":{"start":{"line":79,"column":6},"end":{"line":79,"column":7}},"loc":{"start":{"line":79,"column":21},"end":{"line":81,"column":7}},"line":79},"71":{"name":"render","decl":{"start":{"line":122,"column":9},"end":{"line":122,"column":15}},"loc":{"start":{"line":122,"column":63},"end":{"line":145,"column":1}},"line":122},"72":{"name":"(anonymous_72)","decl":{"start":{"line":132,"column":33},"end":{"line":132,"column":34}},"loc":{"start":{"line":132,"column":45},"end":{"line":134,"column":5}},"line":132},"73":{"name":"(anonymous_73)","decl":{"start":{"line":140,"column":33},"end":{"line":140,"column":34}},"loc":{"start":{"line":140,"column":45},"end":{"line":142,"column":5}},"line":140}},"branchMap":{"0":{"loc":{"start":{"line":3,"column":66},"end":{"line":3,"column":303}},"type":"cond-expr","locations":[{"start":{"line":3,"column":134},"end":{"line":3,"column":167}},{"start":{"line":3,"column":170},"end":{"line":3,"column":303}}],"line":3},"1":{"loc":{"start":{"line":3,"column":66},"end":{"line":3,"column":131}},"type":"binary-expr","locations":[{"start":{"line":3,"column":66},"end":{"line":3,"column":93}},{"start":{"line":3,"column":97},"end":{"line":3,"column":131}}],"line":3},"2":{"loc":{"start":{"line":3,"column":192},"end":{"line":3,"column":300}},"type":"cond-expr","locations":[{"start":{"line":3,"column":281},"end":{"line":3,"column":289}},{"start":{"line":3,"column":292},"end":{"line":3,"column":300}}],"line":3},"3":{"loc":{"start":{"line":3,"column":192},"end":{"line":3,"column":278}},"type":"binary-expr","locations":[{"start":{"line":3,"column":192},"end":{"line":3,"column":193}},{"start":{"line":3,"column":197},"end":{"line":3,"column":224}},{"start":{"line":3,"column":228},"end":{"line":3,"column":252}},{"start":{"line":3,"column":256},"end":{"line":3,"column":278}}],"line":3},"4":{"loc":{"start":{"line":12,"column":46},"end":{"line":12,"column":94}},"type":"cond-expr","locations":[{"start":{"line":12,"column":70},"end":{"line":12,"column":73}},{"start":{"line":12,"column":76},"end":{"line":12,"column":94}}],"line":12},"5":{"loc":{"start":{"line":12,"column":46},"end":{"line":12,"column":67}},"type":"binary-expr","locations":[{"start":{"line":12,"column":46},"end":{"line":12,"column":49}},{"start":{"line":12,"column":53},"end":{"line":12,"column":67}}],"line":12},"6":{"loc":{"start":{"line":13,"column":327},"end":{"line":13,"column":390}},"type":"binary-expr","locations":[{"start":{"line":13,"column":327},"end":{"line":13,"column":348}},{"start":{"line":13,"column":352},"end":{"line":13,"column":390}}],"line":13},"7":{"loc":{"start":{"line":13,"column":396},"end":{"line":13,"column":437}},"type":"cond-expr","locations":[{"start":{"line":13,"column":426},"end":{"line":13,"column":432}},{"start":{"line":13,"column":435},"end":{"line":13,"column":437}}],"line":13},"8":{"loc":{"start":{"line":13,"column":443},"end":{"line":13,"column":469}},"type":"binary-expr","locations":[{"start":{"line":13,"column":443},"end":{"line":13,"column":453}},{"start":{"line":13,"column":457},"end":{"line":13,"column":469}}],"line":13},"9":{"loc":{"start":{"line":13,"column":475},"end":{"line":13,"column":511}},"type":"binary-expr","locations":[{"start":{"line":13,"column":475},"end":{"line":13,"column":490}},{"start":{"line":13,"column":494},"end":{"line":13,"column":511}}],"line":13},"10":{"loc":{"start":{"line":13,"column":517},"end":{"line":13,"column":549}},"type":"binary-expr","locations":[{"start":{"line":13,"column":517},"end":{"line":13,"column":530}},{"start":{"line":13,"column":534},"end":{"line":13,"column":549}}],"line":13},"11":{"loc":{"start":{"line":13,"column":814},"end":{"line":13,"column":867}},"type":"cond-expr","locations":[{"start":{"line":13,"column":854},"end":{"line":13,"column":855}},{"start":{"line":13,"column":858},"end":{"line":13,"column":867}}],"line":13},"12":{"loc":{"start":{"line":13,"column":814},"end":{"line":13,"column":851}},"type":"binary-expr","locations":[{"start":{"line":13,"column":814},"end":{"line":13,"column":815}},{"start":{"line":13,"column":819},"end":{"line":13,"column":851}}],"line":13},"13":{"loc":{"start":{"line":13,"column":917},"end":{"line":13,"column":924}},"type":"binary-expr","locations":[{"start":{"line":13,"column":917},"end":{"line":13,"column":918}},{"start":{"line":13,"column":922},"end":{"line":13,"column":924}}],"line":13},"14":{"loc":{"start":{"line":13,"column":1420},"end":{"line":13,"column":1441}},"type":"binary-expr","locations":[{"start":{"line":13,"column":1420},"end":{"line":13,"column":1421}},{"start":{"line":13,"column":1425},"end":{"line":13,"column":1441}}],"line":13},"15":{"loc":{"start":{"line":13,"column":1443},"end":{"line":13,"column":1482}},"type":"binary-expr","locations":[{"start":{"line":13,"column":1443},"end":{"line":13,"column":1444}},{"start":{"line":13,"column":1448},"end":{"line":13,"column":1455}},{"start":{"line":13,"column":1459},"end":{"line":13,"column":1471}},{"start":{"line":13,"column":1476},"end":{"line":13,"column":1481}}],"line":13},"16":{"loc":{"start":{"line":13,"column":1814},"end":{"line":13,"column":2152}},"type":"if","locations":[{"start":{"line":13,"column":1814},"end":{"line":13,"column":2152}},{"start":{},"end":{}}],"line":13},"17":{"loc":{"start":{"line":13,"column":1875},"end":{"line":13,"column":2149}},"type":"cond-expr","locations":[{"start":{"line":13,"column":1929},"end":{"line":13,"column":2041}},{"start":{"line":13,"column":2044},"end":{"line":13,"column":2149}}],"line":13},"18":{"loc":{"start":{"line":13,"column":1875},"end":{"line":13,"column":1926}},"type":"binary-expr","locations":[{"start":{"line":13,"column":1875},"end":{"line":13,"column":1876}},{"start":{"line":13,"column":1880},"end":{"line":13,"column":1902}},{"start":{"line":13,"column":1906},"end":{"line":13,"column":1926}}],"line":13},"19":{"loc":{"start":{"line":13,"column":2331},"end":{"line":13,"column":2428}},"type":"cond-expr","locations":[{"start":{"line":13,"column":2335},"end":{"line":13,"column":2397}},{"start":{"line":13,"column":2400},"end":{"line":13,"column":2428}}],"line":13},"20":{"loc":{"start":{"line":13,"column":2511},"end":{"line":13,"column":2572}},"type":"if","locations":[{"start":{"line":13,"column":2511},"end":{"line":13,"column":2572}},{"start":{},"end":{}}],"line":13},"21":{"loc":{"start":{"line":13,"column":2573},"end":{"line":13,"column":2648}},"type":"if","locations":[{"start":{"line":13,"column":2573},"end":{"line":13,"column":2648}},{"start":{},"end":{}}],"line":13},"22":{"loc":{"start":{"line":13,"column":2588},"end":{"line":13,"column":2615}},"type":"if","locations":[{"start":{"line":13,"column":2588},"end":{"line":13,"column":2615}},{"start":{},"end":{}}],"line":13},"23":{"loc":{"start":{"line":13,"column":2703},"end":{"line":13,"column":2792}},"type":"if","locations":[{"start":{"line":13,"column":2703},"end":{"line":13,"column":2792}},{"start":{},"end":{}}],"line":13},"24":{"loc":{"start":{"line":13,"column":2747},"end":{"line":13,"column":2790}},"type":"if","locations":[{"start":{"line":13,"column":2747},"end":{"line":13,"column":2790}},{"start":{},"end":{}}],"line":13},"25":{"loc":{"start":{"line":13,"column":2756},"end":{"line":13,"column":2778}},"type":"if","locations":[{"start":{"line":13,"column":2756},"end":{"line":13,"column":2778}},{"start":{},"end":{}}],"line":13},"26":{"loc":{"start":{"line":13,"column":2793},"end":{"line":13,"column":2995}},"type":"if","locations":[{"start":{"line":13,"column":2793},"end":{"line":13,"column":2995}},{"start":{"line":13,"column":2848},"end":{"line":13,"column":2995}}],"line":13},"27":{"loc":{"start":{"line":13,"column":2848},"end":{"line":13,"column":2995}},"type":"if","locations":[{"start":{"line":13,"column":2848},"end":{"line":13,"column":2995}},{"start":{"line":13,"column":2944},"end":{"line":13,"column":2995}}],"line":13},"28":{"loc":{"start":{"line":13,"column":2876},"end":{"line":13,"column":2908}},"type":"if","locations":[{"start":{"line":13,"column":2876},"end":{"line":13,"column":2908}},{"start":{},"end":{}}],"line":13},"29":{"loc":{"start":{"line":13,"column":2944},"end":{"line":13,"column":2994}},"type":"binary-expr","locations":[{"start":{"line":13,"column":2944},"end":{"line":13,"column":2965}},{"start":{"line":13,"column":2969},"end":{"line":13,"column":2994}}],"line":13},"30":{"loc":{"start":{"line":13,"column":3030},"end":{"line":13,"column":3144}},"type":"if","locations":[{"start":{"line":13,"column":3030},"end":{"line":13,"column":3144}},{"start":{},"end":{}}],"line":13},"31":{"loc":{"start":{"line":13,"column":3057},"end":{"line":13,"column":3103}},"type":"if","locations":[{"start":{"line":13,"column":3057},"end":{"line":13,"column":3103}},{"start":{},"end":{}}],"line":13},"32":{"loc":{"start":{"line":13,"column":3065},"end":{"line":13,"column":3079}},"type":"cond-expr","locations":[{"start":{"line":13,"column":3074},"end":{"line":13,"column":3075}},{"start":{"line":13,"column":3078},"end":{"line":13,"column":3079}}],"line":13},"33":{"loc":{"start":{"line":13,"column":3145},"end":{"line":13,"column":3209}},"type":"binary-expr","locations":[{"start":{"line":13,"column":3145},"end":{"line":13,"column":3163}},{"start":{"line":13,"column":3168},"end":{"line":13,"column":3208}}],"line":13},"34":{"loc":{"start":{"line":13,"column":3292},"end":{"line":13,"column":3576}},"type":"if","locations":[{"start":{"line":13,"column":3292},"end":{"line":13,"column":3576}},{"start":{},"end":{}}],"line":13},"35":{"loc":{"start":{"line":13,"column":3331},"end":{"line":13,"column":3572}},"type":"binary-expr","locations":[{"start":{"line":13,"column":3331},"end":{"line":13,"column":3344}},{"start":{"line":13,"column":3348},"end":{"line":13,"column":3368}},{"start":{"line":13,"column":3373},"end":{"line":13,"column":3452}},{"start":{"line":13,"column":3457},"end":{"line":13,"column":3471}},{"start":{"line":13,"column":3476},"end":{"line":13,"column":3571}}],"line":13},"36":{"loc":{"start":{"line":13,"column":3617},"end":{"line":13,"column":3704}},"type":"if","locations":[{"start":{"line":13,"column":3617},"end":{"line":13,"column":3704}},{"start":{},"end":{}}],"line":13},"37":{"loc":{"start":{"line":13,"column":3727},"end":{"line":13,"column":3974}},"type":"cond-expr","locations":[{"start":{"line":13,"column":3731},"end":{"line":13,"column":3870}},{"start":{"line":13,"column":3874},"end":{"line":13,"column":3973}}],"line":13},"38":{"loc":{"start":{"line":13,"column":3731},"end":{"line":13,"column":3870}},"type":"cond-expr","locations":[{"start":{"line":13,"column":3741},"end":{"line":13,"column":3865}},{"start":{"line":13,"column":3869},"end":{"line":13,"column":3870}}],"line":13},"39":{"loc":{"start":{"line":13,"column":3788},"end":{"line":13,"column":3843}},"type":"binary-expr","locations":[{"start":{"line":13,"column":3788},"end":{"line":13,"column":3809}},{"start":{"line":13,"column":3814},"end":{"line":13,"column":3842}}],"line":13},"40":{"loc":{"start":{"line":13,"column":4031},"end":{"line":13,"column":4060}},"type":"binary-expr","locations":[{"start":{"line":13,"column":4031},"end":{"line":13,"column":4037}},{"start":{"line":13,"column":4042},"end":{"line":13,"column":4059}}],"line":13},"41":{"loc":{"start":{"line":13,"column":4062},"end":{"line":13,"column":4112}},"type":"binary-expr","locations":[{"start":{"line":13,"column":4062},"end":{"line":13,"column":4068}},{"start":{"line":13,"column":4073},"end":{"line":13,"column":4111}}],"line":13},"42":{"loc":{"start":{"line":13,"column":4177},"end":{"line":13,"column":4195}},"type":"binary-expr","locations":[{"start":{"line":13,"column":4177},"end":{"line":13,"column":4189}},{"start":{"line":13,"column":4193},"end":{"line":13,"column":4195}}],"line":13},"43":{"loc":{"start":{"line":13,"column":4382},"end":{"line":13,"column":4703}},"type":"if","locations":[{"start":{"line":13,"column":4382},"end":{"line":13,"column":4703}},{"start":{},"end":{}}],"line":13},"44":{"loc":{"start":{"line":13,"column":4386},"end":{"line":13,"column":4399}},"type":"binary-expr","locations":[{"start":{"line":13,"column":4386},"end":{"line":13,"column":4387}},{"start":{"line":13,"column":4391},"end":{"line":13,"column":4399}}],"line":13},"45":{"loc":{"start":{"line":13,"column":4417},"end":{"line":13,"column":4441}},"type":"if","locations":[{"start":{"line":13,"column":4417},"end":{"line":13,"column":4441}},{"start":{},"end":{}}],"line":13},"46":{"loc":{"start":{"line":13,"column":4442},"end":{"line":13,"column":4484}},"type":"if","locations":[{"start":{"line":13,"column":4442},"end":{"line":13,"column":4484}},{"start":{},"end":{}}],"line":13},"47":{"loc":{"start":{"line":13,"column":4485},"end":{"line":13,"column":4701}},"type":"if","locations":[{"start":{"line":13,"column":4485},"end":{"line":13,"column":4701}},{"start":{},"end":{}}],"line":13},"48":{"loc":{"start":{"line":13,"column":4567},"end":{"line":13,"column":4632}},"type":"if","locations":[{"start":{"line":13,"column":4567},"end":{"line":13,"column":4632}},{"start":{},"end":{}}],"line":13},"49":{"loc":{"start":{"line":13,"column":5136},"end":{"line":13,"column":5175}},"type":"binary-expr","locations":[{"start":{"line":13,"column":5136},"end":{"line":13,"column":5158}},{"start":{"line":13,"column":5162},"end":{"line":13,"column":5175}}],"line":13},"50":{"loc":{"start":{"line":13,"column":5184},"end":{"line":13,"column":5269}},"type":"binary-expr","locations":[{"start":{"line":13,"column":5184},"end":{"line":13,"column":5187}},{"start":{"line":13,"column":5192},"end":{"line":13,"column":5215}},{"start":{"line":13,"column":5219},"end":{"line":13,"column":5268}}],"line":13},"51":{"loc":{"start":{"line":13,"column":5244},"end":{"line":13,"column":5267}},"type":"binary-expr","locations":[{"start":{"line":13,"column":5244},"end":{"line":13,"column":5257}},{"start":{"line":13,"column":5261},"end":{"line":13,"column":5267}}],"line":13},"52":{"loc":{"start":{"line":13,"column":5305},"end":{"line":13,"column":5461}},"type":"cond-expr","locations":[{"start":{"line":13,"column":5329},"end":{"line":13,"column":5381}},{"start":{"line":13,"column":5385},"end":{"line":13,"column":5460}}],"line":13},"53":{"loc":{"start":{"line":13,"column":5736},"end":{"line":13,"column":5765}},"type":"binary-expr","locations":[{"start":{"line":13,"column":5736},"end":{"line":13,"column":5748}},{"start":{"line":13,"column":5753},"end":{"line":13,"column":5764}}],"line":13},"54":{"loc":{"start":{"line":13,"column":5822},"end":{"line":13,"column":5920}},"type":"cond-expr","locations":[{"start":{"line":13,"column":5849},"end":{"line":13,"column":5850}},{"start":{"line":13,"column":5853},"end":{"line":13,"column":5920}}],"line":13},"55":{"loc":{"start":{"line":13,"column":5889},"end":{"line":13,"column":5916}},"type":"cond-expr","locations":[{"start":{"line":13,"column":5898},"end":{"line":13,"column":5905}},{"start":{"line":13,"column":5908},"end":{"line":13,"column":5916}}],"line":13},"56":{"loc":{"start":{"line":13,"column":6245},"end":{"line":13,"column":6301}},"type":"if","locations":[{"start":{"line":13,"column":6245},"end":{"line":13,"column":6301}},{"start":{},"end":{}}],"line":13},"57":{"loc":{"start":{"line":13,"column":6429},"end":{"line":13,"column":6708}},"type":"if","locations":[{"start":{"line":13,"column":6429},"end":{"line":13,"column":6708}},{"start":{},"end":{}}],"line":13},"58":{"loc":{"start":{"line":13,"column":6629},"end":{"line":13,"column":6707}},"type":"binary-expr","locations":[{"start":{"line":13,"column":6629},"end":{"line":13,"column":6648}},{"start":{"line":13,"column":6652},"end":{"line":13,"column":6667}},{"start":{"line":13,"column":6671},"end":{"line":13,"column":6690}},{"start":{"line":13,"column":6695},"end":{"line":13,"column":6706}}],"line":13},"59":{"loc":{"start":{"line":13,"column":6791},"end":{"line":13,"column":6827}},"type":"if","locations":[{"start":{"line":13,"column":6791},"end":{"line":13,"column":6827}},{"start":{},"end":{}}],"line":13},"60":{"loc":{"start":{"line":13,"column":6900},"end":{"line":13,"column":6923}},"type":"if","locations":[{"start":{"line":13,"column":6900},"end":{"line":13,"column":6923}},{"start":{},"end":{}}],"line":13},"61":{"loc":{"start":{"line":13,"column":7010},"end":{"line":13,"column":7045}},"type":"binary-expr","locations":[{"start":{"line":13,"column":7010},"end":{"line":13,"column":7011}},{"start":{"line":13,"column":7016},"end":{"line":13,"column":7044}}],"line":13},"62":{"loc":{"start":{"line":13,"column":7156},"end":{"line":13,"column":7202}},"type":"if","locations":[{"start":{"line":13,"column":7156},"end":{"line":13,"column":7202}},{"start":{},"end":{}}],"line":13},"63":{"loc":{"start":{"line":13,"column":7203},"end":{"line":13,"column":7637}},"type":"if","locations":[{"start":{"line":13,"column":7203},"end":{"line":13,"column":7637}},{"start":{},"end":{}}],"line":13},"64":{"loc":{"start":{"line":13,"column":7292},"end":{"line":13,"column":7635}},"type":"if","locations":[{"start":{"line":13,"column":7292},"end":{"line":13,"column":7635}},{"start":{"line":13,"column":7431},"end":{"line":13,"column":7635}}],"line":13},"65":{"loc":{"start":{"line":13,"column":7296},"end":{"line":13,"column":7302}},"type":"binary-expr","locations":[{"start":{"line":13,"column":7296},"end":{"line":13,"column":7297}},{"start":{"line":13,"column":7301},"end":{"line":13,"column":7302}}],"line":13},"66":{"loc":{"start":{"line":13,"column":7306},"end":{"line":13,"column":7364}},"type":"if","locations":[{"start":{"line":13,"column":7306},"end":{"line":13,"column":7364}},{"start":{},"end":{}}],"line":13},"67":{"loc":{"start":{"line":13,"column":7365},"end":{"line":13,"column":7423}},"type":"if","locations":[{"start":{"line":13,"column":7365},"end":{"line":13,"column":7423}},{"start":{},"end":{}}],"line":13},"68":{"loc":{"start":{"line":13,"column":7431},"end":{"line":13,"column":7635}},"type":"if","locations":[{"start":{"line":13,"column":7431},"end":{"line":13,"column":7635}},{"start":{"line":13,"column":7506},"end":{"line":13,"column":7635}}],"line":13},"69":{"loc":{"start":{"line":13,"column":7440},"end":{"line":13,"column":7498}},"type":"if","locations":[{"start":{"line":13,"column":7440},"end":{"line":13,"column":7498}},{"start":{},"end":{}}],"line":13},"70":{"loc":{"start":{"line":13,"column":7508},"end":{"line":13,"column":7574}},"type":"if","locations":[{"start":{"line":13,"column":7508},"end":{"line":13,"column":7574}},{"start":{},"end":{}}],"line":13},"71":{"loc":{"start":{"line":13,"column":7575},"end":{"line":13,"column":7633}},"type":"if","locations":[{"start":{"line":13,"column":7575},"end":{"line":13,"column":7633}},{"start":{},"end":{}}],"line":13},"72":{"loc":{"start":{"line":13,"column":7759},"end":{"line":13,"column":7862}},"type":"if","locations":[{"start":{"line":13,"column":7759},"end":{"line":13,"column":7862}},{"start":{},"end":{}}],"line":13},"73":{"loc":{"start":{"line":13,"column":7763},"end":{"line":13,"column":7839}},"type":"binary-expr","locations":[{"start":{"line":13,"column":7763},"end":{"line":13,"column":7784}},{"start":{"line":13,"column":7788},"end":{"line":13,"column":7811}},{"start":{"line":13,"column":7815},"end":{"line":13,"column":7839}}],"line":13},"74":{"loc":{"start":{"line":13,"column":7865},"end":{"line":13,"column":7957}},"type":"binary-expr","locations":[{"start":{"line":13,"column":7865},"end":{"line":13,"column":7866}},{"start":{"line":13,"column":7871},"end":{"line":13,"column":7884}},{"start":{"line":13,"column":7888},"end":{"line":13,"column":7904}},{"start":{"line":13,"column":7909},"end":{"line":13,"column":7922}},{"start":{"line":13,"column":7926},"end":{"line":13,"column":7943}},{"start":{"line":13,"column":7948},"end":{"line":13,"column":7956}}],"line":13},"75":{"loc":{"start":{"line":13,"column":7967},"end":{"line":13,"column":7988}},"type":"cond-expr","locations":[{"start":{"line":13,"column":7971},"end":{"line":13,"column":7983}},{"start":{"line":13,"column":7986},"end":{"line":13,"column":7988}}],"line":13},"76":{"loc":{"start":{"line":13,"column":8020},"end":{"line":13,"column":8094}},"type":"cond-expr","locations":[{"start":{"line":13,"column":8025},"end":{"line":13,"column":8074}},{"start":{"line":13,"column":8078},"end":{"line":13,"column":8094}}],"line":13},"77":{"loc":{"start":{"line":13,"column":8135},"end":{"line":13,"column":8171}},"type":"if","locations":[{"start":{"line":13,"column":8135},"end":{"line":13,"column":8171}},{"start":{},"end":{}}],"line":13},"78":{"loc":{"start":{"line":13,"column":8179},"end":{"line":13,"column":8386}},"type":"cond-expr","locations":[{"start":{"line":13,"column":8225},"end":{"line":13,"column":8242}},{"start":{"line":13,"column":8245},"end":{"line":13,"column":8386}}],"line":13},"79":{"loc":{"start":{"line":13,"column":8179},"end":{"line":13,"column":8222}},"type":"binary-expr","locations":[{"start":{"line":13,"column":8179},"end":{"line":13,"column":8197}},{"start":{"line":13,"column":8201},"end":{"line":13,"column":8222}}],"line":13},"80":{"loc":{"start":{"line":13,"column":8245},"end":{"line":13,"column":8386}},"type":"cond-expr","locations":[{"start":{"line":13,"column":8268},"end":{"line":13,"column":8339}},{"start":{"line":13,"column":8343},"end":{"line":13,"column":8386}}],"line":13},"81":{"loc":{"start":{"line":13,"column":8343},"end":{"line":13,"column":8386}},"type":"binary-expr","locations":[{"start":{"line":13,"column":8343},"end":{"line":13,"column":8362}},{"start":{"line":13,"column":8366},"end":{"line":13,"column":8367}},{"start":{"line":13,"column":8372},"end":{"line":13,"column":8385}}],"line":13},"82":{"loc":{"start":{"line":13,"column":8507},"end":{"line":13,"column":8599}},"type":"if","locations":[{"start":{"line":13,"column":8507},"end":{"line":13,"column":8599}},{"start":{},"end":{}}],"line":13},"83":{"loc":{"start":{"line":13,"column":8719},"end":{"line":13,"column":8835}},"type":"if","locations":[{"start":{"line":13,"column":8719},"end":{"line":13,"column":8835}},{"start":{},"end":{}}],"line":13},"84":{"loc":{"start":{"line":13,"column":8763},"end":{"line":13,"column":8823}},"type":"if","locations":[{"start":{"line":13,"column":8763},"end":{"line":13,"column":8823}},{"start":{},"end":{}}],"line":13},"85":{"loc":{"start":{"line":13,"column":9007},"end":{"line":13,"column":9047}},"type":"binary-expr","locations":[{"start":{"line":13,"column":9007},"end":{"line":13,"column":9029}},{"start":{"line":13,"column":9034},"end":{"line":13,"column":9046}}],"line":13},"86":{"loc":{"start":{"line":14,"column":176},"end":{"line":14,"column":263}},"type":"if","locations":[{"start":{"line":14,"column":176},"end":{"line":14,"column":263}},{"start":{"line":14,"column":216},"end":{"line":14,"column":263}}],"line":14},"87":{"loc":{"start":{"line":33,"column":18},"end":{"line":50,"column":9}},"type":"switch","locations":[{"start":{"line":34,"column":10},"end":{"line":37,"column":69}},{"start":{"line":38,"column":10},"end":{"line":41,"column":18}},{"start":{"line":42,"column":10},"end":{"line":46,"column":71}},{"start":{"line":47,"column":10},"end":{"line":47,"column":18}},{"start":{"line":48,"column":10},"end":{"line":49,"column":35}}],"line":33},"88":{"loc":{"start":{"line":54,"column":13},"end":{"line":56,"column":24}},"type":"cond-expr","locations":[{"start":{"line":54,"column":29},"end":{"line":56,"column":19}},{"start":{"line":56,"column":22},"end":{"line":56,"column":24}}],"line":54},"89":{"loc":{"start":{"line":59,"column":13},"end":{"line":59,"column":58}},"type":"cond-expr","locations":[{"start":{"line":59,"column":29},"end":{"line":59,"column":54}},{"start":{"line":59,"column":57},"end":{"line":59,"column":58}}],"line":59},"90":{"loc":{"start":{"line":62,"column":13},"end":{"line":62,"column":58}},"type":"cond-expr","locations":[{"start":{"line":62,"column":29},"end":{"line":62,"column":54}},{"start":{"line":62,"column":57},"end":{"line":62,"column":58}}],"line":62},"91":{"loc":{"start":{"line":124,"column":9},"end":{"line":144,"column":9}},"type":"cond-expr","locations":[{"start":{"line":124,"column":27},"end":{"line":136,"column":11}},{"start":{"line":136,"column":16},"end":{"line":144,"column":8}}],"line":124},"92":{"loc":{"start":{"line":124,"column":148},"end":{"line":136,"column":7}},"type":"cond-expr","locations":[{"start":{"line":124,"column":168},"end":{"line":124,"column":281}},{"start":{"line":124,"column":286},"end":{"line":136,"column":6}}],"line":124}},"s":{"0":0,"1":0,"2":0,"3":1,"4":1,"5":1,"6":1,"7":1,"8":1,"9":1,"10":1,"11":9,"12":1,"13":1,"14":1,"15":1,"16":0,"17":1,"18":1,"19":1,"20":1,"21":13,"22":1,"23":1,"24":0,"25":0,"26":5,"27":5,"28":5,"29":5,"30":10,"31":10,"32":0,"33":1,"34":1,"35":1,"36":1,"37":1,"38":1,"39":1,"40":1,"41":0,"42":1,"43":1,"44":1,"45":1,"46":2,"47":6,"48":10,"49":0,"50":0,"51":0,"52":0,"53":0,"54":0,"55":0,"56":0,"57":0,"58":0,"59":0,"60":0,"61":0,"62":0,"63":5,"64":5,"65":10,"66":0,"67":10,"68":0,"69":0,"70":0,"71":10,"72":10,"73":10,"74":0,"75":0,"76":0,"77":0,"78":0,"79":10,"80":10,"81":0,"82":0,"83":0,"84":0,"85":0,"86":10,"87":10,"88":10,"89":10,"90":0,"91":10,"92":0,"93":0,"94":0,"95":0,"96":0,"97":0,"98":0,"99":0,"100":0,"101":0,"102":5,"103":5,"104":10,"105":10,"106":5,"107":1,"108":1,"109":1,"110":1,"111":0,"112":0,"113":0,"114":0,"115":0,"116":0,"117":0,"118":0,"119":0,"120":0,"121":0,"122":1,"123":0,"124":0,"125":5,"126":0,"127":0,"128":0,"129":0,"130":0,"131":0,"132":0,"133":0,"134":0,"135":0,"136":0,"137":0,"138":0,"139":0,"140":0,"141":0,"142":0,"143":0,"144":5,"145":0,"146":0,"147":5,"148":5,"149":5,"150":0,"151":5,"152":0,"153":0,"154":0,"155":0,"156":0,"157":0,"158":0,"159":0,"160":0,"161":0,"162":0,"163":0,"164":0,"165":0,"166":0,"167":0,"168":0,"169":0,"170":0,"171":0,"172":0,"173":0,"174":0,"175":0,"176":0,"177":0,"178":0,"179":0,"180":0,"181":0,"182":0,"183":0,"184":0,"185":0,"186":0,"187":0,"188":0,"189":0,"190":0,"191":0,"192":0,"193":0,"194":0,"195":0,"196":0,"197":0,"198":0,"199":0,"200":0,"201":0,"202":0,"203":0,"204":0,"205":10,"206":10,"207":10,"208":0,"209":0,"210":10,"211":5,"212":5,"213":5,"214":5,"215":5,"216":5,"217":5,"218":10,"219":0,"220":5,"221":1,"222":5,"223":5,"224":5,"225":5,"226":5,"227":5,"228":5,"229":4,"230":5,"231":5,"232":5,"233":5,"234":10,"235":15,"236":5,"237":5,"238":5,"239":5,"240":5,"241":5,"242":0,"243":0,"244":0,"245":0,"246":5,"247":5,"248":4,"249":8,"250":5,"251":4,"252":5,"253":4,"254":5,"255":0,"256":0,"257":5,"258":5,"259":1,"260":1,"261":1,"262":1,"263":1,"264":1,"265":1,"266":1,"267":1,"268":1,"269":1,"270":1,"271":5,"272":5,"273":7,"274":2,"275":1},"f":{"0":0,"1":0,"2":0,"3":1,"4":1,"5":9,"6":0,"7":13,"8":0,"9":5,"10":10,"11":0,"12":0,"13":0,"14":0,"15":2,"16":6,"17":10,"18":0,"19":0,"20":0,"21":0,"22":0,"23":0,"24":0,"25":0,"26":0,"27":5,"28":10,"29":0,"30":5,"31":10,"32":5,"33":1,"34":0,"35":0,"36":5,"37":0,"38":0,"39":0,"40":0,"41":0,"42":0,"43":0,"44":0,"45":5,"46":5,"47":0,"48":0,"49":0,"50":0,"51":0,"52":0,"53":0,"54":10,"55":5,"56":5,"57":5,"58":10,"59":0,"60":5,"61":5,"62":4,"63":5,"64":10,"65":4,"66":8,"67":4,"68":4,"69":0,"70":0,"71":5,"72":7,"73":2},"b":{"0":[0,0],"1":[0,0],"2":[0,0],"3":[0,0,0,0],"4":[1,0],"5":[1,1],"6":[1,0],"7":[1,0],"8":[1,0],"9":[1,0],"10":[1,0],"11":[5,0],"12":[5,5],"13":[5,0],"14":[1,1],"15":[1,1,1,1],"16":[0,0],"17":[0,0],"18":[0,0,0],"19":[0,0],"20":[0,10],"21":[0,10],"22":[0,0],"23":[0,10],"24":[0,0],"25":[0,0],"26":[10,0],"27":[0,0],"28":[0,0],"29":[0,0],"30":[10,0],"31":[0,10],"32":[5,5],"33":[0,0],"34":[0,0],"35":[0,0,0,0,0],"36":[0,0],"37":[0,0],"38":[0,0],"39":[0,0],"40":[5,5],"41":[5,0],"42":[10,10],"43":[1,0],"44":[1,0],"45":[1,0],"46":[0,0],"47":[0,0],"48":[0,0],"49":[0,0],"50":[0,0,0],"51":[0,0],"52":[5,0],"53":[0,0],"54":[0,0],"55":[0,0],"56":[0,0],"57":[0,5],"58":[0,0,0,0],"59":[0,5],"60":[0,0],"61":[0,0],"62":[0,0],"63":[0,0],"64":[0,0],"65":[0,0],"66":[0,0],"67":[0,0],"68":[0,0],"69":[0,0],"70":[0,0],"71":[0,0],"72":[0,0],"73":[0,0,0],"74":[0,0,0,0,0,0],"75":[0,0],"76":[0,0],"77":[0,0],"78":[0,0],"79":[0,0],"80":[0,0],"81":[0,0,0],"82":[0,0],"83":[0,0],"84":[0,0],"85":[0,0],"86":[5,5],"87":[5,5,0,5,5],"88":[4,0],"89":[4,0],"90":[4,0],"91":[4,1],"92":[0,4]},"inputSourceMap":{"0":"{","1":"\"","2":"v","3":"e","4":"r","5":"s","6":"i","7":"o","8":"n","9":"\"","10":":","11":"3","12":",","13":"\"","14":"s","15":"o","16":"u","17":"r","18":"c","19":"e","20":"s","21":"\"","22":":","23":"[","24":"\"","25":"/","26":"h","27":"o","28":"m","29":"e","30":"/","31":"s","32":"a","33":"n","34":"t","35":"i","36":"/","37":"c","38":"o","39":"d","40":"e","41":"/","42":"f","43":"r","44":"o","45":"n","46":"t","47":"e","48":"n","49":"d","50":"-","51":"c","52":"o","53":"d","54":"i","55":"n","56":"g","57":"-","58":"t","59":"e","60":"s","61":"t","62":"-","63":"j","64":"s","65":"/","66":"s","67":"r","68":"c","69":"/","70":"c","71":"o","72":"m","73":"p","74":"o","75":"n","76":"e","77":"n","78":"t","79":"s","80":"/","81":"P","82":"o","83":"k","84":"e","85":"m","86":"o","87":"n","88":"D","89":"e","90":"t","91":"a","92":"i","93":"l","94":".","95":"v","96":"u","97":"e","98":"\"","99":"]","100":",","101":"\"","102":"n","103":"a","104":"m","105":"e","106":"s","107":"\"","108":":","109":"[","110":"]","111":",","112":"\"","113":"m","114":"a","115":"p","116":"p","117":"i","118":"n","119":"g","120":"s","121":"\"","122":":","123":"\"","124":";","125":";","126":";","127":";","128":";","129":";","130":";","131":"A","132":"A","133":"2","134":"B","135":"A","136":";","137":"A","138":"A","139":"C","140":"A","141":";","142":"A","143":"A","144":"C","145":"A","146":";","147":"A","148":"A","149":"C","150":"A","151":";","152":"A","153":"A","154":"A","155":"i","156":"C","157":";","158":"A","159":"A","160":"A","161":"A","162":",","163":"+","164":"C","165":"A","166":"F","167":"j","168":"C","169":";","170":"A","171":"A","172":"A","173":"A","174":";","175":"A","176":"A","177":"A","178":"A","179":";","180":"A","181":"A","182":"A","183":"A","184":";","185":";","186":";","187":";","188":";","189":"I","190":"A","191":"I","192":"A","193":",","194":"I","195":"A","196":"A","197":"M","198":",","199":"K","200":"A","201":"A","202":"K","203":",","204":"G","205":"A","206":"A","207":"G","208":",","209":"k","210":"B","211":"A","212":"A","213":"Q","214":",","215":"E","216":"A","217":"A","218":"C","219":",","220":"C","221":"A","222":"A","223":"C","224":";","225":"I","226":"A","227":"C","228":"x","229":"B","230":",","231":"I","232":"A","233":"A","234":"M","235":",","236":"K","237":"A","238":"A","239":"K","240":",","241":"G","242":"A","243":"A","244":"G","245":",","246":"u","247":"B","248":"A","249":"A","250":"Q","251":",","252":"E","253":"A","254":"A","255":"C","256":",","257":"C","258":"A","259":"A","260":"C","261":";","262":"I","263":"A","264":"C","265":"x","266":"B","267":",","268":"I","269":"A","270":"A","271":"M","272":",","273":"O","274":"A","275":"A","276":"O","277":",","278":"G","279":"A","280":"A","281":"G","282":",","283":"i","284":"B","285":"A","286":"A","287":"Q","288":",","289":"E","290":"A","291":"A","292":"C","293":";","294":"M","295":"A","296":"A","297":"A","298":",","299":"O","300":"A","301":"A","302":"M","303":",","304":"K","305":"A","306":"A","307":"K","308":",","309":"C","310":"A","311":"A","312":"C","313":",","314":"O","315":"A","316":"A","317":"O","318":",","319":"C","320":"A","321":"A","322":"C","323":",","324":"e","325":"A","326":"A","327":"e","328":";","329":"I","330":"A","331":"A","332":"A","333":",","334":"E","335":"A","336":"A","337":"C","338":";","339":"I","340":"A","341":"C","342":"7","343":"D","344":",","345":"I","346":"A","347":"A","348":"M","349":",","350":"S","351":"A","352":"A","353":"S","354":",","355":"G","356":"A","357":"A","358":"G","359":",","360":"i","361":"B","362":"A","363":"A","364":"Q","365":",","366":"E","367":"A","368":"A","369":"C","370":";","371":"M","372":"A","373":"A","374":"A","375":",","376":"O","377":"A","378":"A","379":"M","380":",","381":"K","382":"A","383":"A","384":"K","385":",","386":"C","387":"A","388":"A","389":"C","390":",","391":"K","392":"A","393":"A","394":"K","395":",","396":"C","397":"A","398":"A","399":"C","400":",","401":"S","402":"A","403":"A","404":"S","405":";","406":"I","407":"A","408":"A","409":"A","410":",","411":"E","412":"A","413":"A","414":"C","415":";","416":"I","417":"A","418":"C","419":"v","420":"D","421":",","422":"c","423":"A","424":"A","425":"y","426":"B","427":",","428":"e","429":"A","430":"A","431":"M","432":",","433":"E","434":"A","435":"A","436":"C","437":",","438":"O","439":"A","440":"A","441":"O","442":",","443":"C","444":"A","445":"A","446":"C","447":";","448":"M","449":"A","450":"A","451":"h","452":"C","453":",","454":"Y","455":"A","456":"A","457":"Y","458":",","459":"W","460":"A","461":"A","462":"Z","463":",","464":"Y","465":"A","466":"A","467":"Y","468":";","469":"I","470":"A","471":"E","472":"p","473":"B","474":",","475":"k","476":"B","477":"A","478":"A","479":"S","480":",","481":"2","482":"E","483":"A","484":"A","485":"C","486":";","487":"M","488":"A","489":"A","490":"A","491":";","492":"Q","493":"A","494":"A","495":"A","496":";","497":"U","498":"A","499":"A","500":"A","501":";","502":"Y","503":"A","504":"A","505":"A","506":";","507":"Y","508":"A","509":"A","510":"A","511":";","512":"Y","513":"A","514":"A","515":"A","516":",","517":"O","518":"A","519":"E","520":"A","521":",","522":"K","523":"A","524":"A","525":"K","526":",","527":"C","528":"A","529":"A","530":"C","531":",","532":"Q","533":"A","534":"A","535":"Q","536":",","537":"C","538":"A","539":"A","540":"C","541":",","542":"c","543":"A","544":"A","545":"c","546":",","547":"E","548":"A","549":"A","550":"E","551":",","552":"K","553":"A","554":"A","555":"K","556":",","557":"C","558":"A","559":"A","560":"C","561":",","562":"M","563":"A","564":"A","565":"M","566":",","567":"C","568":"A","569":"A","570":"C","571":",","572":"I","573":"A","574":"A","575":"I","576":",","577":"C","578":"A","579":"A","580":"C","581":";","582":"U","583":"A","584":"A","585":"A","586":";","587":"Y","588":"A","589":"C","590":"v","591":"D","592":",","593":"Y","594":"A","595":"A","596":"Y","597":",","598":"W","599":"A","600":"A","601":"I","602":",","603":"K","604":"A","605":"A","606":"K","607":",","608":"C","609":"A","610":"A","611":"C","612":",","613":"M","614":"A","615":"A","616":"M","617":",","618":"C","619":"A","620":"A","621":"C","622":",","623":"I","624":"A","625":"A","626":"I","627":",","628":"4","629":"B","630":"A","631":"A","632":"y","633":"B","634":",","635":"S","636":"A","637":"A","638":"S","639":",","640":"C","641":"A","642":"A","643":"C","644":";","645":"Y","646":"A","647":"A","648":"A","649":";","650":"Y","651":"A","652":"A","653":"A","654":";","655":"U","656":"A","657":"A","658":"A","659":";","660":"Y","661":"A","662":"A","663":"A","664":";","665":"Y","666":"A","667":"A","668":"A","669":";","670":"Y","671":"A","672":"E","673":"p","674":"E","675":",","676":"Y","677":"A","678":"A","679":"Y","680":",","681":"0","682":"B","683":"A","684":"A","685":"m","686":"B","687":",","688":"K","689":"A","690":"A","691":"K","692":",","693":"C","694":"A","695":"A","696":"C","697":",","698":"M","699":"A","700":"A","701":"M","702":",","703":"C","704":"A","705":"A","706":"C","707":",","708":"I","709":"A","710":"A","711":"I","712":",","713":"G","714":"A","715":"A","716":"I","717":",","718":"O","719":"A","720":"A","721":"O","722":",","723":"C","724":"A","725":"A","726":"C","727":";","728":"Y","729":"A","730":"C","731":"5","732":"D","733":",","734":"Y","735":"A","736":"A","737":"Y","738":",","739":"s","740":"C","741":"A","742":"A","743":"0","744":"B","745":",","746":"O","747":"A","748":"A","749":"O","750":",","751":"C","752":"A","753":"A","754":"C","755":";","756":"U","757":"A","758":"A","759":"A","760":";","761":"U","762":"A","763":"A","764":"A","765":";","766":"Y","767":"A","768":"A","769":"A","770":";","771":"Q","772":"A","773":"A","774":"A","775":";","776":"M","777":"A","778":"A","779":"A","780":";","781":"I","782":"A","783":"A","784":"A","785":",","786":"C","787":"A","788":"E","789":"j","790":"D","791":",","792":"G","793":"A","794":"A","795":"C","796":";","797":"I","798":"A","799":"E","800":"F","801":",","802":"I","803":"A","804":"A","805":"M","806":",","807":"c","808":"A","809":"A","810":"c","811":",","812":"G","813":"A","814":"A","815":"G","816":",","817":"i","818":"B","819":"A","820":"A","821":"Q","822":",","823":"E","824":"A","825":"A","826":"C","827":",","828":"Y","829":"A","830":"A","831":"M","832":";","833":"M","834":"A","835":"C","836":"p","837":"C","838":",","839":"O","840":"A","841":"A","842":"O","843":",","844":"O","845":"A","846":"A","847":"O","848":",","849":"C","850":"A","851":"A","852":"C","853":",","854":"K","855":"A","856":"A","857":"K","858":",","859":"G","860":"A","861":"C","862":"h","863":"B","864":",","865":"O","866":"A","867":"A","868":"O","869":",","870":"C","871":"A","872":"A","873":"C","874":",","875":"K","876":"A","877":"A","878":"K","879":",","880":"C","881":"A","882":"A","883":"C","884":",","885":"K","886":"A","887":"A","888":"K","889":",","890":"C","891":"A","892":"A","893":"C","894":",","895":"G","896":"A","897":"A","898":"G","899":",","900":"C","901":"A","902":"A","903":"C","904":",","905":"U","906":"A","907":"A","908":"C","909":",","910":"C","911":"A","912":"A","913":"C","914":";","915":"Q","916":"A","917":"A","918":"A","919":",","920":"O","921":"A","922":"A","923":"K","924":",","925":"C","926":"A","927":"A","928":"C","929":",","930":"C","931":"A","932":"A","933":"C","934":",","935":"I","936":"A","937":"A","938":"I","939":",","940":"C","941":"A","942":"A","943":"C","944":",","945":"I","946":"A","947":"A","948":"I","949":",","950":"C","951":"A","952":"A","953":"C","954":",","955":"W","956":"A","957":"A","958":"W","959":",","960":"C","961":"A","962":"A","963":"C","964":",","965":"C","966":"A","967":"A","968":"C","969":";","970":"M","971":"A","972":"A","973":"A","974":",","975":"E","976":"A","977":"A","978":"C","979":",","980":"C","981":"A","982":"A","983":"C","984":",","985":"I","986":"A","987":"A","988":"I","989":",","990":"C","991":"A","992":"A","993":"C","994":",","995":"I","996":"A","997":"A","998":"I","999":",","1000":"C","1001":"A","1002":"A","1003":"C","1004":",","1005":"G","1006":"A","1007":"C","1008":"p","1009":"E","1010":",","1011":"E","1012":"A","1013":"A","1014":"E","1015":";","1016":"I","1017":"A","1018":"C","1019":"R","1020":",","1021":"C","1022":"A","1023":"A","1024":"C","1025":",","1026":"C","1027":"A","1028":"A","1029":"C","1030":";","1031":"I","1032":"A","1033":"E","1034":"F","1035":",","1036":"I","1037":"A","1038":"A","1039":"M","1040":",","1041":"U","1042":"A","1043":"A","1044":"U","1045":",","1046":"G","1047":"A","1048":"A","1049":"G","1050":",","1051":"i","1052":"B","1053":"A","1054":"A","1055":"Q","1056":",","1057":"E","1058":"A","1059":"A","1060":"C","1061":",","1062":"Y","1063":"A","1064":"A","1065":"M","1066":";","1067":"M","1068":"A","1069":"C","1070":"h","1071":"C","1072":",","1073":"O","1074":"A","1075":"A","1076":"O","1077":",","1078":"O","1079":"A","1080":"A","1081":"O","1082":",","1083":"C","1084":"A","1085":"A","1086":"C","1087":",","1088":"K","1089":"A","1090":"A","1091":"K","1092":",","1093":"G","1094":"A","1095":"A","1096":"G","1097":",","1098":"O","1099":"A","1100":"A","1101":"O","1102":",","1103":"C","1104":"A","1105":"A","1106":"C","1107":",","1108":"K","1109":"A","1110":"A","1111":"K","1112":",","1113":"C","1114":"A","1115":"A","1116":"C","1117":",","1118":"M","1119":"A","1120":"A","1121":"M","1122":",","1123":"G","1124":"A","1125":"A","1126":"G","1127":",","1128":"E","1129":"A","1130":"A","1131":"E","1132":",","1133":"G","1134":"A","1135":"A","1136":"G","1137":",","1138":"C","1139":"A","1140":"A","1141":"C","1142":";","1143":"I","1144":"A","1145":"C","1146":"t","1147":"D","1148":",","1149":"C","1150":"A","1151":"A","1152":"C","1153":",","1154":"C","1155":"A","1156":"A","1157":"C","1158":";","1159":"I","1160":"A","1161":"E","1162":"F","1163":",","1164":"I","1165":"A","1166":"A","1167":"M","1168":",","1169":"U","1170":"A","1171":"A","1172":"U","1173":",","1174":"G","1175":"A","1176":"A","1177":"G","1178":",","1179":"i","1180":"B","1181":"A","1182":"A","1183":"Q","1184":",","1185":"E","1186":"A","1187":"A","1188":"C","1189":",","1190":"Y","1191":"A","1192":"A","1193":"M","1194":";","1195":"M","1196":"A","1197":"C","1198":"h","1199":"C","1200":",","1201":"O","1202":"A","1203":"A","1204":"O","1205":",","1206":"O","1207":"A","1208":"A","1209":"O","1210":",","1211":"C","1212":"A","1213":"A","1214":"C","1215":",","1216":"K","1217":"A","1218":"A","1219":"K","1220":",","1221":"G","1222":"A","1223":"A","1224":"G","1225":",","1226":"O","1227":"A","1228":"A","1229":"O","1230":",","1231":"C","1232":"A","1233":"A","1234":"C","1235":",","1236":"K","1237":"A","1238":"A","1239":"K","1240":",","1241":"C","1242":"A","1243":"A","1244":"C","1245":",","1246":"M","1247":"A","1248":"A","1249":"M","1250":",","1251":"G","1252":"A","1253":"A","1254":"G","1255":",","1256":"E","1257":"A","1258":"A","1259":"E","1260":",","1261":"G","1262":"A","1263":"A","1264":"G","1265":",","1266":"C","1267":"A","1268":"A","1269":"C","1270":";","1271":"I","1272":"A","1273":"C","1274":"t","1275":"D","1276":",","1277":"C","1278":"A","1279":"A","1280":"C","1281":",","1282":"C","1283":"A","1284":"A","1285":"C","1286":"\"","1287":",","1288":"\"","1289":"f","1290":"i","1291":"l","1292":"e","1293":"\"","1294":":","1295":"\"","1296":"/","1297":"h","1298":"o","1299":"m","1300":"e","1301":"/","1302":"s","1303":"a","1304":"n","1305":"t","1306":"i","1307":"/","1308":"c","1309":"o","1310":"d","1311":"e","1312":"/","1313":"f","1314":"r","1315":"o","1316":"n","1317":"t","1318":"e","1319":"n","1320":"d","1321":"-","1322":"c","1323":"o","1324":"d","1325":"i","1326":"n","1327":"g","1328":"-","1329":"t","1330":"e","1331":"s","1332":"t","1333":"-","1334":"j","1335":"s","1336":"/","1337":"s","1338":"r","1339":"c","1340":"/","1341":"c","1342":"o","1343":"m","1344":"p","1345":"o","1346":"n","1347":"e","1348":"n","1349":"t","1350":"s","1351":"/","1352":"P","1353":"o","1354":"k","1355":"e","1356":"m","1357":"o","1358":"n","1359":"D","1360":"e","1361":"t","1362":"a","1363":"i","1364":"l","1365":".","1366":"v","1367":"u","1368":"e","1369":"\"","1370":",","1371":"\"","1372":"s","1373":"o","1374":"u","1375":"r","1376":"c","1377":"e","1378":"s","1379":"C","1380":"o","1381":"n","1382":"t","1383":"e","1384":"n","1385":"t","1386":"\"","1387":":","1388":"[","1389":"\"","1390":"<","1391":"t","1392":"e","1393":"m","1394":"p","1395":"l","1396":"a","1397":"t","1398":"e","1399":">","1400":"\\","1401":"n","1402":" ","1403":" ","1404":"<","1405":"d","1406":"i","1407":"v","1408":" ","1409":"v","1410":"-","1411":"i","1412":"f","1413":"=","1414":"\\","1415":"\"","1416":"p","1417":"o","1418":"k","1419":"e","1420":"m","1421":"o","1422":"n","1423":"\\","1424":"\"","1425":" ","1426":"c","1427":"l","1428":"a","1429":"s","1430":"s","1431":"=","1432":"\\","1433":"\"","1434":"m","1435":"o","1436":"d","1437":"a","1438":"l","1439":"\\","1440":"\"","1441":">","1442":"\\","1443":"n","1444":" ","1445":" ","1446":" ","1447":" ","1448":"<","1449":"d","1450":"i","1451":"v","1452":" ","1453":"c","1454":"l","1455":"a","1456":"s","1457":"s","1458":"=","1459":"\\","1460":"\"","1461":"m","1462":"o","1463":"d","1464":"a","1465":"l","1466":"-","1467":"c","1468":"o","1469":"n","1470":"t","1471":"e","1472":"n","1473":"t","1474":"\\","1475":"\"","1476":">","1477":"\\","1478":"n","1479":" ","1480":" ","1481":" ","1482":" ","1483":" ","1484":" ","1485":"<","1486":"d","1487":"i","1488":"v","1489":" ","1490":"v","1491":"-","1492":"i","1493":"f","1494":"=","1495":"\\","1496":"\"","1497":"i","1498":"s","1499":"L","1500":"o","1501":"a","1502":"d","1503":"i","1504":"n","1505":"g","1506":"\\","1507":"\"","1508":">","1509":"<","1510":"L","1511":"o","1512":"a","1513":"d","1514":"e","1515":"r","1516":" ","1517":"/","1518":">","1519":"<","1520":"/","1521":"d","1522":"i","1523":"v","1524":">","1525":"\\","1526":"n","1527":" ","1528":" ","1529":" ","1530":" ","1531":" ","1532":" ","1533":"<","1534":"d","1535":"i","1536":"v","1537":" ","1538":"v","1539":"-","1540":"e","1541":"l","1542":"s","1543":"e","1544":">","1545":"\\","1546":"n","1547":" ","1548":" ","1549":" ","1550":" ","1551":" ","1552":" ","1553":" ","1554":" ","1555":"<","1556":"h","1557":"2","1558":" ","1559":"c","1560":"l","1561":"a","1562":"s","1563":"s","1564":"=","1565":"\\","1566":"\"","1567":"p","1568":"o","1569":"k","1570":"e","1571":"m","1572":"o","1573":"n","1574":"-","1575":"n","1576":"a","1577":"m","1578":"e","1579":"\\","1580":"\"","1581":">","1582":"{","1583":"{","1584":" ","1585":"p","1586":"o","1587":"k","1588":"e","1589":"m","1590":"o","1591":"n","1592":".","1593":"n","1594":"a","1595":"m","1596":"e","1597":" ","1598":"}","1599":"}","1600":"<","1601":"/","1602":"h","1603":"2","1604":">","1605":"\\","1606":"n","1607":" ","1608":" ","1609":" ","1610":" ","1611":" ","1612":" ","1613":" ","1614":" ",
[...]
,"1512":" ","1513":" ","1514":"<","1515":"/","1516":"d","1517":"i","1518":"v","1519":">","1520":"\\","1521":"n","1522":" ","1523":" ","1524":" ","1525":" ","1526":"<","1527":"/","1528":"d","1529":"i","1530":"v","1531":">","1532":"\\","1533":"n","1534":" ","1535":" ","1536":"<","1537":"/","1538":"d","1539":"i","1540":"v","1541":">","1542":"\\","1543":"n","1544":" ","1545":" ","1546":"<","1547":"d","1548":"i","1549":"v","1550":" ","1551":"v","1552":"-","1553":"e","1554":"l","1555":"s","1556":"e","1557":">","1558":"\\","1559":"n","1560":" ","1561":" ","1562":" ","1563":" ","1564":"<","1565":"h","1566":"1","1567":" ","1568":"c","1569":"l","1570":"a","1571":"s","1572":"s","1573":"=","1574":"\\","1575":"\"","1576":"p","1577":"o","1578":"k","1579":"e","1580":"m","1581":"o","1582":"n","1583":"-","1584":"l","1585":"i","1586":"s","1587":"t","1588":"-","1589":"t","1590":"i","1591":"t","1592":"l","1593":"e","1594":"\\","1595":"\"","1596":">","1597":"N","1598":"o","1599":" ","1600":"P","1601":"o","1602":"k","1603":"e","1604":"m","1605":"o","1606":"n","1607":"s","1608":" ","1609":"a","1610":"v","1611":"a","1612":"i","1613":"l","1614":"a","1615":"b","1616":"l","1617":"e","1618":"<","1619":"/","1620":"h","1621":"1","1622":">","1623":"\\","1624":"n","1625":" ","1626":" ","1627":"<","1628":"/","1629":"d","1630":"i","1631":"v","1632":">","1633":"\\","1634":"n","1635":"<","1636":"/","1637":"t","1638":"e","1639":"m","1640":"p","1641":"l","1642":"a","1643":"t","1644":"e","1645":">","1646":"\\","1647":"n","1648":"\\","1649":"n","1650":"<","1651":"s","1652":"c","1653":"r","1654":"i","1655":"p","1656":"t","1657":" ","1658":"s","1659":"e","1660":"t","1661":"u","1662":"p","1663":">","1664":"\\","1665":"n","1666":"i","1667":"m","1668":"p","1669":"o","1670":"r","1671":"t","1672":" ","1673":"{","1674":" ","1675":"o","1676":"n","1677":"M","1678":"o","1679":"u","1680":"n","1681":"t","1682":"e","1683":"d","1684":",","1685":" ","1686":"c","1687":"o","1688":"m","1689":"p","1690":"u","1691":"t","1692":"e","1693":"d","1694":",","1695":" ","1696":"i","1697":"n","1698":"j","1699":"e","1700":"c","1701":"t","1702":" ","1703":"}","1704":" ","1705":"f","1706":"r","1707":"o","1708":"m","1709":" ","1710":"'","1711":"v","1712":"u","1713":"e","1714":"'","1715":"\\","1716":"n","1717":"i","1718":"m","1719":"p","1720":"o","1721":"r","1722":"t","1723":" ","1724":"{","1725":" ","1726":"u","1727":"s","1728":"e","1729":"S","1730":"t","1731":"o","1732":"r","1733":"e","1734":" ","1735":"}","1736":" ","1737":"f","1738":"r","1739":"o","1740":"m","1741":" ","1742":"'","1743":"v","1744":"u","1745":"e","1746":"x","1747":"'","1748":"\\","1749":"n","1750":"i","1751":"m","1752":"p","1753":"o","1754":"r","1755":"t","1756":" ","1757":"{","1758":" ","1759":"u","1760":"s","1761":"e","1762":"R","1763":"o","1764":"u","1765":"t","1766":"e","1767":"r","1768":" ","1769":"}","1770":" ","1771":"f","1772":"r","1773":"o","1774":"m","1775":" ","1776":"'","1777":"v","1778":"u","1779":"e","1780":"-","1781":"r","1782":"o","1783":"u","1784":"t","1785":"e","1786":"r","1787":"'","1788":"\\","1789":"n","1790":"i","1791":"m","1792":"p","1793":"o","1794":"r","1795":"t","1796":" ","1797":"L","1798":"o","1799":"a","1800":"d","1801":"e","1802":"r","1803":" ","1804":"f","1805":"r","1806":"o","1807":"m","1808":" ","1809":"'","1810":".","1811":"/","1812":"L","1813":"o","1814":"a","1815":"d","1816":"e","1817":"r","1818":".","1819":"v","1820":"u","1821":"e","1822":"'","1823":"\\","1824":"n","1825":"\\","1826":"n","1827":"c","1828":"o","1829":"n","1830":"s","1831":"t","1832":" ","1833":"s","1834":"t","1835":"o","1836":"r","1837":"e","1838":" ","1839":"=","1840":" ","1841":"u","1842":"s","1843":"e","1844":"S","1845":"t","1846":"o","1847":"r","1848":"e","1849":"(","1850":")","1851":"\\","1852":"n","1853":"c","1854":"o","1855":"n","1856":"s","1857":"t","1858":" ","1859":"r","1860":"o","1861":"u","1862":"t","1863":"e","1864":"r","1865":" ","1866":"=","1867":" ","1868":"u","1869":"s","1870":"e","1871":"R","1872":"o","1873":"u","1874":"t","1875":"e","1876":"r","1877":"(","1878":")","1879":"\\","1880":"n","1881":"c","1882":"o","1883":"n","1884":"s","1885":"t","1886":" ","1887":"p","1888":"o","1889":"k","1890":"e","1891":"m","1892":"o","1893":"n","1894":"s","1895":" ","1896":"=","1897":" ","1898":"c","1899":"o","1900":"m","1901":"p","1902":"u","1903":"t","1904":"e","1905":"d","1906":"(","1907":"(","1908":")","1909":" ","1910":"=","1911":">","1912":" ","1913":"s","1914":"t","1915":"o","1916":"r","1917":"e","1918":".","1919":"s","1920":"t","1921":"a","1922":"t","1923":"e","1924":".","1925":"p","1926":"o","1927":"k","1928":"e","1929":"m","1930":"o","1931":"n","1932":"s","1933":")","1934":"\\","1935":"n","1936":"c","1937":"o","1938":"n","1939":"s","1940":"t","1941":" ","1942":"i","1943":"s","1944":"L","1945":"o","1946":"a","1947":"d","1948":"i","1949":"n","1950":"g","1951":" ","1952":"=","1953":" ","1954":"c","1955":"o","1956":"m","1957":"p","1958":"u","1959":"t","1960":"e","1961":"d","1962":"(","1963":"(","1964":")","1965":" ","1966":"=","1967":">","1968":" ","1969":"s","1970":"t","1971":"o","1972":"r","1973":"e","1974":".","1975":"s","1976":"t","1977":"a","1978":"t","1979":"e","1980":".","1981":"i","1982":"s","1983":"L","1984":"o","1985":"a","1986":"d","1987":"i","1988":"n","1989":"g","1990":")","1991":"\\","1992":"n","1993":"c","1994":"o","1995":"n","1996":"s","1997":"t","1998":" ","1999":"{","2000":" ","2001":"t","2002":"r","2003":"i","2004":"g","2005":"g","2006":"e","2007":"r","2008":"T","2009":"o","2010":"a","2011":"s","2012":"t","2013":" ","2014":"}","2015":" ","2016":"=","2017":" ","2018":"i","2019":"n","2020":"j","2021":"e","2022":"c","2023":"t","2024":"(","2025":"'","2026":"t","2027":"o","2028":"a","2029":"s","2030":"t","2031":"'","2032":")","2033":"\\","2034":"n","2035":"\\","2036":"n","2037":"o","2038":"n","2039":"M","2040":"o","2041":"u","2042":"n","2043":"t","2044":"e","2045":"d","2046":"(","2047":"a","2048":"s","2049":"y","2050":"n","2051":"c","2052":" ","2053":"(","2054":")","2055":" ","2056":"=","2057":">","2058":" ","2059":"{","2060":"\\","2061":"n","2062":" ","2063":" ","2064":"i","2065":"f","2066":" ","2067":"(","2068":"s","2069":"t","2070":"o","2071":"r","2072":"e","2073":".","2074":"s","2075":"t","2076":"a","2077":"t","2078":"e","2079":".","2080":"p","2081":"o","2082":"k","2083":"e","2084":"m","2085":"o","2086":"n","2087":"s","2088":".","2089":"l","2090":"e","2091":"n","2092":"g","2093":"t","2094":"h","2095":" ","2096":"=","2097":"=","2098":"=","2099":" ","2100":"0","2101":")","2102":" ","2103":"{","2104":"\\","2105":"n","2106":" ","2107":" ","2108":" ","2109":" ","2110":"t","2111":"r","2112":"y","2113":" ","2114":"{","2115":"\\","2116":"n","2117":" ","2118":" ","2119":" ","2120":" ","2121":" ","2122":" ","2123":"a","2124":"w","2125":"a","2126":"i","2127":"t","2128":" ","2129":"s","2130":"t","2131":"o","2132":"r","2133":"e","2134":".","2135":"d","2136":"i","2137":"s","2138":"p","2139":"a","2140":"t","2141":"c","2142":"h","2143":"(","2144":"'","2145":"f","2146":"e","2147":"t","2148":"c","2149":"h","2150":"P","2151":"o","2152":"k","2153":"e","2154":"m","2155":"o","2156":"n","2157":"s","2158":"'","2159":")","2160":"\\","2161":"n","2162":" ","2163":" ","2164":" ","2165":" ","2166":" ","2167":" ","2168":"t","2169":"r","2170":"i","2171":"g","2172":"g","2173":"e","2174":"r","2175":"T","2176":"o","2177":"a","2178":"s","2179":"t","2180":"(","2181":"'","2182":"P","2183":"o","2184":"k","2185":"e","2186":"m","2187":"o","2188":"n","2189":"s","2190":" ","2191":"f","2192":"e","2193":"t","2194":"c","2195":"h","2196":"e","2197":"d","2198":" ","2199":"s","2200":"u","2201":"c","2202":"c","2203":"e","2204":"s","2205":"s","2206":"f","2207":"u","2208":"l","2209":"l","2210":"y","2211":"'","2212":",","2213":" ","2214":"'","2215":"s","2216":"u","2217":"c","2218":"c","2219":"e","2220":"s","2221":"s","2222":"'","2223":")","2224":"\\","2225":"n","2226":" ","2227":" ","2228":" ","2229":" ","2230":"}","2231":" ","2232":"c","2233":"a","2234":"t","2235":"c","2236":"h","2237":" ","2238":"(","2239":"e","2240":"r","2241":"r","2242":"o","2243":"r","2244":")","2245":" ","2246":"{","2247":"\\","2248":"n","2249":" ","2250":" ","2251":" ","2252":" ","2253":" ","2254":" ","2255":"t","2256":"r","2257":"i","2258":"g","2259":"g","2260":"e","2261":"r","2262":"T","2263":"o","2264":"a","2265":"s","2266":"t","2267":"(","2268":"'","2269":"E","2270":"r","2271":"r","2272":"o","2273":"r","2274":" ","2275":"f","2276":"e","2277":"t","2278":"c","2279":"h","2280":"i","2281":"n","2282":"g","2283":" ","2284":"P","2285":"o","2286":"k","2287":"e","2288":"m","2289":"o","2290":"n","2291":"s","2292":"'","2293":",","2294":" ","2295":"'","2296":"e","2297":"r","2298":"r","2299":"o","2300":"r","2301":"'","2302":")","2303":"\\","2304":"n","2305":" ","2306":" ","2307":" ","2308":" ","2309":" ","2310":" ","2311":"t","2312":"r","2313":"i","2314":"g","2315":"g","2316":"e","2317":"r","2318":"T","2319":"o","2320":"a","2321":"s","2322":"t","2323":"(","2324":"`","2325":"D","2326":"e","2327":"s","2328":"c","2329":"r","2330":"i","2331":"p","2332":"t","2333":"i","2334":"o","2335":"n","2336":":","2337":" ","2338":"$","2339":"{","2340":"e","2341":"r","2342":"r","2343":"o","2344":"r","2345":".","2346":"m","2347":"e","2348":"s","2349":"s","2350":"a","2351":"g","2352":"e","2353":"}","2354":"`","2355":",","2356":" ","2357":"'","2358":"e","2359":"r","2360":"r","2361":"o","2362":"r","2363":"'","2364":")","2365":"\\","2366":"n","2367":" ","2368":" ","2369":" ","2370":" ","2371":"}","2372":"\\","2373":"n","2374":" ","2375":" ","2376":"}","2377":"\\","2378":"n","2379":"}","2380":")","2381":"\\","2382":"n","2383":"\\","2384":"n","2385":"c","2386":"o","2387":"n","2388":"s","2389":"t","2390":" ","2391":"g","2392":"o","2393":"T","2394":"o","2395":"P","2396":"o","2397":"k","2398":"e","2399":"m","2400":"o","2401":"n","2402":"D","2403":"e","2404":"t","2405":"a","2406":"i","2407":"l","2408":" ","2409":"=","2410":" ","2411":"(","2412":"n","2413":"a","2414":"m","2415":"e","2416":")","2417":" ","2418":"=","2419":">","2420":" ","2421":"{","2422":"\\","2423":"n","2424":" ","2425":" ","2426":"r","2427":"o","2428":"u","2429":"t","2430":"e","2431":"r","2432":".","2433":"p","2434":"u","2435":"s","2436":"h","2437":"(","2438":"{","2439":" ","2440":"n","2441":"a","2442":"m","2443":"e","2444":":","2445":" ","2446":"'","2447":"P","2448":"o","2449":"k","2450":"e","2451":"m","2452":"o","2453":"n","2454":"D","2455":"e","2456":"t","2457":"a","2458":"i","2459":"l","2460":"'","2461":",","2462":" ","2463":"p","2464":"a","2465":"r","2466":"a","2467":"m","2468":"s","2469":":","2470":" ","2471":"{","2472":" ","2473":"n","2474":"a","2475":"m","2476":"e","2477":" ","2478":"}","2479":" ","2480":"}","2481":")","2482":"\\","2483":"n","2484":"}","2485":"\\","2486":"n","2487":"<","2488":"/","2489":"s","2490":"c","2491":"r","2492":"i","2493":"p","2494":"t","2495":">","2496":"\\","2497":"n","2498":"\\","2499":"n","2500":"<","2501":"s","2502":"t","2503":"y","2504":"l","2505":"e","2506":" ","2507":"s","2508":"c","2509":"o","2510":"p","2511":"e","2512":"d","2513":">","2514":"\\","2515":"n","2516":".","2517":"p","2518":"o","2519":"k","2520":"e","2521":"m","2522":"o","2523":"n","2524":"-","2525":"g","2526":"r","2527":"i","2528":"d","2529":" ","2530":"{","2531":"\\","2532":"n","2533":" ","2534":" ","2535":"d","2536":"i","2537":"s","2538":"p","2539":"l","2540":"a","2541":"y","2542":":","2543":" ","2544":"g","2545":"r","2546":"i","2547":"d","2548":";","2549":"\\","2550":"n","2551":" ","2552":" ","2553":"g","2554":"r","2555":"i","2556":"d","2557":"-","2558":"t","2559":"e","2560":"m","2561":"p","2562":"l","2563":"a","2564":"t","2565":"e","2566":"-","2567":"c","2568":"o","2569":"l","2570":"u","2571":"m","2572":"n","2573":"s","2574":":","2575":" ","2576":"r","2577":"e","2578":"p","2579":"e","2580":"a","2581":"t","2582":"(","2583":"a","2584":"u","2585":"t","2586":"o","2587":"-","2588":"f","2589":"i","2590":"l","2591":"l","2592":",","2593":" ","2594":"m","2595":"i","2596":"n","2597":"m","2598":"a","2599":"x","2600":"(","2601":"1","2602":"5","2603":"0","2604":"p","2605":"x","2606":",","2607":" ","2608":"1","2609":"f","2610":"r","2611":")","2612":")","2613":";","2614":"\\","2615":"n","2616":" ","2617":" ","2618":"g","2619":"a","2620":"p","2621":":","2622":" ","2623":"1","2624":"0","2625":"p","2626":"x","2627":";","2628":"\\","2629":"n","2630":" ","2631":" ","2632":"m","2633":"a","2634":"x","2635":"-","2636":"w","2637":"i","2638":"d","2639":"t","2640":"h","2641":":","2642":" ","2643":"1","2644":"0","2645":"0","2646":"0","2647":"p","2648":"x","2649":";","2650":"\\","2651":"n","2652":" ","2653":" ","2654":"m","2655":"a","2656":"r","2657":"g","2658":"i","2659":"n","2660":":","2661":" ","2662":"0","2663":" ","2664":"a","2665":"u","2666":"t","2667":"o","2668":";","2669":"\\","2670":"n","2671":"}","2672":"\\","2673":"n","2674":"\\","2675":"n","2676":".","2677":"p","2678":"o","2679":"k","2680":"e","2681":"m","2682":"o","2683":"n","2684":"-","2685":"i","2686":"t","2687":"e","2688":"m","2689":" ","2690":"{","2691":"\\","2692":"n","2693":" ","2694":" ","2695":"b","2696":"a","2697":"c","2698":"k","2699":"g","2700":"r","2701":"o","2702":"u","2703":"n","2704":"d","2705":"-","2706":"c","2707":"o","2708":"l","2709":"o","2710":"r","2711":":","2712":" ","2713":"#","2714":"f","2715":"4","2716":"f","2717":"4","2718":"f","2719":"4","2720":";","2721":"\\","2722":"n","2723":" ","2724":" ","2725":"b","2726":"o","2727":"r","2728":"d","2729":"e","2730":"r","2731":":","2732":" ","2733":"1","2734":"p","2735":"x","2736":" ","2737":"s","2738":"o","2739":"l","2740":"i","2741":"d","2742":" ","2743":"#","2744":"d","2745":"d","2746":"d","2747":";","2748":"\\","2749":"n","2750":" ","2751":" ","2752":"p","2753":"a","2754":"d","2755":"d","2756":"i","2757":"n","2758":"g","2759":":","2760":" ","2761":"1","2762":"0","2763":"p","2764":"x","2765":";","2766":"\\","2767":"n","2768":" ","2769":" ","2770":"t","2771":"e","2772":"x","2773":"t","2774":"-","2775":"a","2776":"l","2777":"i","2778":"g","2779":"n","2780":":","2781":" ","2782":"c","2783":"e","2784":"n","2785":"t","2786":"e","2787":"r","2788":";","2789":"\\","2790":"n","2791":" ","2792":" ","2793":"b","2794":"o","2795":"r","2796":"d","2797":"e","2798":"r","2799":"-","2800":"r","2801":"a","2802":"d","2803":"i","2804":"u","2805":"s","2806":":","2807":" ","2808":"8","2809":"p","2810":"x","2811":";","2812":"\\","2813":"n","2814":" ","2815":" ","2816":"t","2817":"e","2818":"x","2819":"t","2820":"-","2821":"t","2822":"r","2823":"a","2824":"n","2825":"s","2826":"f","2827":"o","2828":"r","2829":"m","2830":":","2831":" ","2832":"c","2833":"a","2834":"p","2835":"i","2836":"t","2837":"a","2838":"l","2839":"i","2840":"z","2841":"e","2842":";","2843":"\\","2844":"n","2845":" ","2846":" ","2847":"c","2848":"u","2849":"r","2850":"s","2851":"o","2852":"r","2853":":","2854":" ","2855":"p","2856":"o","2857":"i","2858":"n","2859":"t","2860":"e","2861":"r","2862":";","2863":"\\","2864":"n","2865":" ","2866":" ","2867":"t","2868":"r","2869":"a","2870":"n","2871":"s","2872":"i","2873":"t","2874":"i","2875":"o","2876":"n","2877":":","2878":"\\","2879":"n","2880":" ","2881":" ","2882":" ","2883":" ","2884":"b","2885":"a","2886":"c","2887":"k","2888":"g","2889":"r","2890":"o","2891":"u","2892":"n","2893":"d","2894":"-","2895":"c","2896":"o","2897":"l","2898":"o","2899":"r","2900":" ","2901":"0","2902":".","2903":"3","2904":"s","2905":" ","2906":"e","2907":"a","2908":"s","2909":"e","2910":",","2911":"\\","2912":"n","2913":" ","2914":" ","2915":" ","2916":" ","2917":"b","2918":"o","2919":"r","2920":"d","2921":"e","2922":"r","2923":"-","2924":"c","2925":"o","2926":"l","2927":"o","2928":"r","2929":" ","2930":"0","2931":".","2932":"3","2933":"s","2934":" ","2935":"e","2936":"a","2937":"s","2938":"e","2939":";","2940":"\\","2941":"n","2942":"}","2943":"\\","2944":"n","2945":"\\","2946":"n","2947":".","2948":"p","2949":"o","2950":"k","2951":"e","2952":"m","2953":"o","2954":"n","2955":"-","2956":"i","2957":"t","2958":"e","2959":"m","2960":":","2961":"h","2962":"o","2963":"v","2964":"e","2965":"r","2966":" ","2967":"{","2968":"\\","2969":"n","2970":" ","2971":" ","2972":"b","2973":"a","2974":"c","2975":"k","2976":"g","2977":"r","2978":"o","2979":"u","2980":"n","2981":"d","2982":"-","2983":"c","2984":"o","2985":"l","2986":"o","2987":"r","2988":":","2989":" ","2990":"#","2991":"e","2992":"2","2993":"e","2994":"2","2995":"e","2996":"2","2997":";","2998":"\\","2999":"n","3000":" ","3001":" ","3002":"b","3003":"o","3004":"r","3005":"d","3006":"e","3007":"r","3008":"-","3009":"c","3010":"o","3011":"l","3012":"o","3013":"r","3014":":","3015":" ","3016":"#","3017":"b","3018":"f","3019":"b","3020":"f","3021":"b","3022":"f","3023":";","3024":"\\","3025":"n","3026":"}","3027":"\\","3028":"n","3029":"\\","3030":"n","3031":".","3032":"p","3033":"o","3034":"k","3035":"e","3036":"m","3037":"o","3038":"n","3039":"-","3040":"l","3041":"i","3042":"s","3043":"t","3044":"-","3045":"t","3046":"i","3047":"t","3048":"l","3049":"e","3050":" ","3051":"{","3052":"\\","3053":"n","3054":" ","3055":" ","3056":"f","3057":"o","3058":"n","3059":"t","3060":"-","3061":"s","3062":"i","3063":"z","3064":"e","3065":":","3066":" ","3067":"2","3068":".","3069":"5","3070":"r","3071":"e","3072":"m","3073":";","3074":"\\","3075":"n","3076":" ","3077":" ","3078":"c","3079":"o","3080":"l","3081":"o","3082":"r","3083":":","3084":" ","3085":"#","3086":"1","3087":"a","3088":"1","3089":"a","3090":"1","3091":"a","3092":";","3093":"\\","3094":"n","3095":" ","3096":" ","3097":"f","3098":"o","3099":"n","3100":"t","3101":"-","3102":"w","3103":"e","3104":"i","3105":"g","3106":"h","3107":"t","3108":":","3109":" ","3110":"b","3111":"o","3112":"l","3113":"d","3114":";","3115":"\\","3116":"n","3117":" ","3118":" ","3119":"m","3120":"a","3121":"r","3122":"g","3123":"i","3124":"n","3125":"-","3126":"b","3127":"o","3128":"t","3129":"t","3130":"o","3131":"m","3132":":","3133":" ","3134":"2","3135":"0","3136":"p","3137":"x","3138":";","3139":"\\","3140":"n","3141":" ","3142":" ","3143":"m","3144":"a","3145":"r","3146":"g","3147":"i","3148":"n","3149":"-","3150":"t","3151":"o","3152":"p","3153":":","3154":" ","3155":"2","3156":"0","3157":"p","3158":"x","3159":";","3160":"\\","3161":"n","3162":" ","3163":" ","3164":"t","3165":"e","3166":"x","3167":"t","3168":"-","3169":"s","3170":"h","3171":"a","3172":"d","3173":"o","3174":"w","3175":":","3176":" ","3177":"1","3178":"p","3179":"x","3180":" ","3181":"1","3182":"p","3183":"x","3184":" ","3185":"3","3186":"p","3187":"x","3188":" ","3189":"r","3190":"g","3191":"b","3192":"a","3193":"(","3194":"0","3195":",","3196":" ","3197":"0","3198":",","3199":" ","3200":"0","3201":",","3202":" ","3203":"0","3204":".","3205":"1","3206":")","3207":";","3208":"\\","3209":"n","3210":"}","3211":"\\","3212":"n","3213":"\\","3214":"n","3215":"@","3216":"m","3217":"e","3218":"d","3219":"i","3220":"a","3221":" ","3222":"(","3223":"m","3224":"a","3225":"x","3226":"-","3227":"w","3228":"i","3229":"d","3230":"t","3231":"h","3232":":","3233":" ","3234":"6","3235":"0","3236":"0","3237":"p","3238":"x","3239":")","3240":" ","3241":"{","3242":"\\","3243":"n","3244":" ","3245":" ","3246":".","3247":"p","3248":"o","3249":"k","3250":"e","3251":"m","3252":"o","3253":"n","3254":"-","3255":"l","3256":"i","3257":"s","3258":"t","3259":"-","3260":"t","3261":"i","3262":"t","3263":"l","3264":"e","3265":" ","3266":"{","3267":"\\","3268":"n","3269":" ","3270":" ","3271":" ","3272":" ","3273":"f","3274":"o","3275":"n","3276":"t","3277":"-","3278":"s","3279":"i","3280":"z","3281":"e","3282":":","3283":" ","3284":"2","3285":"r","3286":"e","3287":"m","3288":";","3289":"\\","3290":"n","3291":" ","3292":" ","3293":"}","3294":"\\","3295":"n","3296":"}","3297":"\\","3298":"n","3299":"<","3300":"/","3301":"s","3302":"t","3303":"y","3304":"l","3305":"e","3306":">","3307":"\\","3308":"n","3309":"\"","3310":"]","3311":"}"},"_coverageSchema":"1a1c01bbd47fc00a2c39e90264f33305004495a9","hash":"49f5467bfab1e19a236db28360bf7b14e7bf2920"}
}
