TN:
SF:src/components/Loader.vue
FN:11,render
FNF:1
FNH:1
FNDA:1,render
DA:3,2
DA:6,2
DA:7,2
DA:8,2
DA:12,1
DA:13,2
LF:6
LH:6
BRF:0
BRH:0
end_of_record
TN:
SF:src/components/PokemonDetail.vue
FN:3,_typeof
FN:3,(anonymous_1)
FN:3,(anonymous_2)
FN:12,_interopRequireDefault
FN:13,_regeneratorRuntime
FN:13,_regeneratorRuntime
FN:13,(anonymous_6)
FN:13,define
FN:13,define
FN:13,wrap
FN:13,tryCatch
FN:13,Generator
FN:13,GeneratorFunction
FN:13,GeneratorFunctionPrototype
FN:13,(anonymous_14)
FN:13,defineIteratorMethods
FN:13,(anonymous_16)
FN:13,(anonymous_17)
FN:13,AsyncIterator
FN:13,invoke
FN:13,(anonymous_20)
FN:13,(anonymous_21)
FN:13,(anonymous_22)
FN:13,(anonymous_23)
FN:13,value
FN:13,callInvokeWithMethodAndArg
FN:13,(anonymous_26)
FN:13,makeInvokeMethod
FN:13,(anonymous_28)
FN:13,maybeInvokeDelegate
FN:13,pushTryEntry
FN:13,resetTryEntry
FN:13,Context
FN:13,values
FN:13,next
FN:13,(anonymous_35)
FN:13,(anonymous_36)
FN:13,(anonymous_37)
FN:13,(anonymous_38)
FN:13,(anonymous_39)
FN:13,(anonymous_40)
FN:13,(anonymous_41)
FN:13,(anonymous_42)
FN:13,(anonymous_43)
FN:13,next
FN:13,reset
FN:13,stop
FN:13,dispatchException
FN:13,handle
FN:13,abrupt
FN:13,complete
FN:13,finish
FN:13,_catch
FN:13,delegateYield
FN:14,asyncGeneratorStep
FN:15,_asyncToGenerator
FN:15,(anonymous_56)
FN:15,(anonymous_57)
FN:15,_next
FN:15,_throw
FN:18,setup
FN:23,(anonymous_61)
FN:26,(anonymous_62)
FN:31,_callee
FN:32,_callee$
FN:53,(anonymous_65)
FN:54,(anonymous_66)
FN:58,(anonymous_67)
FN:61,(anonymous_68)
FN:76,(anonymous_69)
FN:79,(anonymous_70)
FN:122,render
FN:132,(anonymous_72)
FN:140,(anonymous_73)
FNF:74
FNH:35
FNDA:0,_typeof
FNDA:0,(anonymous_1)
FNDA:0,(anonymous_2)
FNDA:1,_interopRequireDefault
FNDA:1,_regeneratorRuntime
FNDA:9,_regeneratorRuntime
FNDA:0,(anonymous_6)
FNDA:13,define
FNDA:0,define
FNDA:5,wrap
FNDA:10,tryCatch
FNDA:0,Generator
FNDA:0,GeneratorFunction
FNDA:0,GeneratorFunctionPrototype
FNDA:0,(anonymous_14)
FNDA:2,defineIteratorMethods
FNDA:6,(anonymous_16)
FNDA:10,(anonymous_17)
FNDA:0,AsyncIterator
FNDA:0,invoke
FNDA:0,(anonymous_20)
FNDA:0,(anonymous_21)
FNDA:0,(anonymous_22)
FNDA:0,(anonymous_23)
FNDA:0,value
FNDA:0,callInvokeWithMethodAndArg
FNDA:0,(anonymous_26)
FNDA:5,makeInvokeMethod
FNDA:10,(anonymous_28)
FNDA:0,maybeInvokeDelegate
FNDA:5,pushTryEntry
FNDA:10,resetTryEntry
FNDA:5,Context
FNDA:1,values
FNDA:0,next
FNDA:0,(anonymous_35)
FNDA:5,(anonymous_36)
FNDA:0,(anonymous_37)
FNDA:0,(anonymous_38)
FNDA:0,(anonymous_39)
FNDA:0,(anonymous_40)
FNDA:0,(anonymous_41)
FNDA:0,(anonymous_42)
FNDA:0,(anonymous_43)
FNDA:0,next
FNDA:5,reset
FNDA:5,stop
FNDA:0,dispatchException
FNDA:0,handle
FNDA:0,abrupt
FNDA:0,complete
FNDA:0,finish
FNDA:0,_catch
FNDA:0,delegateYield
FNDA:10,asyncGeneratorStep
FNDA:5,_asyncToGenerator
FNDA:5,(anonymous_56)
FNDA:5,(anonymous_57)
FNDA:10,_next
FNDA:0,_throw
FNDA:5,setup
FNDA:5,(anonymous_61)
FNDA:4,(anonymous_62)
FNDA:5,_callee
FNDA:10,_callee$
FNDA:4,(anonymous_65)
FNDA:8,(anonymous_66)
FNDA:4,(anonymous_67)
FNDA:4,(anonymous_68)
FNDA:0,(anonymous_69)
FNDA:0,(anonymous_70)
FNDA:5,render
FNDA:7,(anonymous_72)
FNDA:2,(anonymous_73)
DA:3,0
DA:4,1
DA:7,1
DA:8,1
DA:9,1
DA:10,1
DA:11,1
DA:12,1
DA:13,13
DA:14,10
DA:15,10
DA:16,1
DA:19,5
DA:20,5
DA:21,5
DA:22,5
DA:23,5
DA:24,5
DA:26,5
DA:27,4
DA:29,5
DA:30,5
DA:31,5
DA:32,5
DA:33,15
DA:35,5
DA:36,5
DA:37,5
DA:39,5
DA:40,5
DA:41,5
DA:43,0
DA:44,0
DA:45,0
DA:46,0
DA:49,5
DA:53,5
DA:54,4
DA:55,8
DA:58,5
DA:59,4
DA:61,5
DA:62,4
DA:64,5
DA:77,0
DA:80,0
DA:84,5
DA:88,5
DA:93,1
DA:96,1
DA:97,1
DA:98,1
DA:102,1
DA:105,1
DA:108,1
DA:111,1
DA:114,1
DA:115,1
DA:118,1
DA:121,1
DA:123,5
DA:124,5
DA:133,7
DA:141,2
DA:145,1
LF:65
LH:58
BRDA:3,0,0,0
BRDA:3,0,1,0
BRDA:3,1,0,0
BRDA:3,1,1,0
BRDA:3,2,0,0
BRDA:3,2,1,0
BRDA:3,3,0,0
BRDA:3,3,1,0
BRDA:3,3,2,0
BRDA:3,3,3,0
BRDA:12,4,0,1
BRDA:12,4,1,0
BRDA:12,5,0,1
BRDA:12,5,1,1
BRDA:13,6,0,1
BRDA:13,6,1,0
BRDA:13,7,0,1
BRDA:13,7,1,0
BRDA:13,8,0,1
BRDA:13,8,1,0
BRDA:13,9,0,1
BRDA:13,9,1,0
BRDA:13,10,0,1
BRDA:13,10,1,0
BRDA:13,11,0,5
BRDA:13,11,1,0
BRDA:13,12,0,5
BRDA:13,12,1,5
BRDA:13,13,0,5
BRDA:13,13,1,0
BRDA:13,14,0,1
BRDA:13,14,1,1
BRDA:13,15,0,1
BRDA:13,15,1,1
BRDA:13,15,2,1
BRDA:13,15,3,1
BRDA:13,16,0,0
BRDA:13,16,1,0
BRDA:13,17,0,0
BRDA:13,17,1,0
BRDA:13,18,0,0
BRDA:13,18,1,0
BRDA:13,18,2,0
BRDA:13,19,0,0
BRDA:13,19,1,0
BRDA:13,20,0,0
BRDA:13,20,1,10
BRDA:13,21,0,0
BRDA:13,21,1,10
BRDA:13,22,0,0
BRDA:13,22,1,0
BRDA:13,23,0,0
BRDA:13,23,1,10
BRDA:13,24,0,0
BRDA:13,24,1,0
BRDA:13,25,0,0
BRDA:13,25,1,0
BRDA:13,26,0,10
BRDA:13,26,1,0
BRDA:13,27,0,0
BRDA:13,27,1,0
BRDA:13,28,0,0
BRDA:13,28,1,0
BRDA:13,29,0,0
BRDA:13,29,1,0
BRDA:13,30,0,10
BRDA:13,30,1,0
BRDA:13,31,0,0
BRDA:13,31,1,10
BRDA:13,32,0,5
BRDA:13,32,1,5
BRDA:13,33,0,0
BRDA:13,33,1,0
BRDA:13,34,0,0
BRDA:13,34,1,0
BRDA:13,35,0,0
BRDA:13,35,1,0
BRDA:13,35,2,0
BRDA:13,35,3,0
BRDA:13,35,4,0
BRDA:13,36,0,0
BRDA:13,36,1,0
BRDA:13,37,0,0
BRDA:13,37,1,0
BRDA:13,38,0,0
BRDA:13,38,1,0
BRDA:13,39,0,0
BRDA:13,39,1,0
BRDA:13,40,0,5
BRDA:13,40,1,5
BRDA:13,41,0,5
BRDA:13,41,1,0
BRDA:13,42,0,10
BRDA:13,42,1,10
BRDA:13,43,0,1
BRDA:13,43,1,0
BRDA:13,44,0,1
BRDA:13,44,1,0
BRDA:13,45,0,1
BRDA:13,45,1,0
BRDA:13,46,0,0
BRDA:13,46,1,0
BRDA:13,47,0,0
BRDA:13,47,1,0
BRDA:13,48,0,0
BRDA:13,48,1,0
BRDA:13,49,0,0
BRDA:13,49,1,0
BRDA:13,50,0,0
BRDA:13,50,1,0
BRDA:13,50,2,0
BRDA:13,51,0,0
BRDA:13,51,1,0
BRDA:13,52,0,5
BRDA:13,52,1,0
BRDA:13,53,0,0
BRDA:13,53,1,0
BRDA:13,54,0,0
BRDA:13,54,1,0
BRDA:13,55,0,0
BRDA:13,55,1,0
BRDA:13,56,0,0
BRDA:13,56,1,0
BRDA:13,57,0,0
BRDA:13,57,1,5
BRDA:13,58,0,0
BRDA:13,58,1,0
BRDA:13,58,2,0
BRDA:13,58,3,0
BRDA:13,59,0,0
BRDA:13,59,1,5
BRDA:13,60,0,0
BRDA:13,60,1,0
BRDA:13,61,0,0
BRDA:13,61,1,0
BRDA:13,62,0,0
BRDA:13,62,1,0
BRDA:13,63,0,0
BRDA:13,63,1,0
BRDA:13,64,0,0
BRDA:13,64,1,0
BRDA:13,65,0,0
BRDA:13,65,1,0
BRDA:13,66,0,0
BRDA:13,66,1,0
BRDA:13,67,0,0
BRDA:13,67,1,0
BRDA:13,68,0,0
BRDA:13,68,1,0
BRDA:13,69,0,0
BRDA:13,69,1,0
BRDA:13,70,0,0
BRDA:13,70,1,0
BRDA:13,71,0,0
BRDA:13,71,1,0
BRDA:13,72,0,0
BRDA:13,72,1,0
BRDA:13,73,0,0
BRDA:13,73,1,0
BRDA:13,73,2,0
BRDA:13,74,0,0
BRDA:13,74,1,0
BRDA:13,74,2,0
BRDA:13,74,3,0
BRDA:13,74,4,0
BRDA:13,74,5,0
BRDA:13,75,0,0
BRDA:13,75,1,0
BRDA:13,76,0,0
BRDA:13,76,1,0
BRDA:13,77,0,0
BRDA:13,77,1,0
BRDA:13,78,0,0
BRDA:13,78,1,0
BRDA:13,79,0,0
BRDA:13,79,1,0
BRDA:13,80,0,0
BRDA:13,80,1,0
BRDA:13,81,0,0
BRDA:13,81,1,0
BRDA:13,81,2,0
BRDA:13,82,0,0
BRDA:13,82,1,0
BRDA:13,83,0,0
BRDA:13,83,1,0
BRDA:13,84,0,0
BRDA:13,84,1,0
BRDA:13,85,0,0
BRDA:13,85,1,0
BRDA:14,86,0,5
BRDA:14,86,1,5
BRDA:33,87,0,5
BRDA:33,87,1,5
BRDA:33,87,2,0
BRDA:33,87,3,5
BRDA:33,87,4,5
BRDA:54,88,0,4
BRDA:54,88,1,0
BRDA:59,89,0,4
BRDA:59,89,1,0
BRDA:62,90,0,4
BRDA:62,90,1,0
BRDA:124,91,0,4
BRDA:124,91,1,1
BRDA:124,92,0,0
BRDA:124,92,1,4
BRF:206
BRH:49
end_of_record
TN:
SF:src/components/PokemonList.vue
FN:3,_typeof
FN:3,(anonymous_1)
FN:3,(anonymous_2)
FN:12,_interopRequireDefault
FN:13,_regeneratorRuntime
FN:13,_regeneratorRuntime
FN:13,(anonymous_6)
FN:13,define
FN:13,define
FN:13,wrap
FN:13,tryCatch
FN:13,Generator
FN:13,GeneratorFunction
FN:13,GeneratorFunctionPrototype
FN:13,(anonymous_14)
FN:13,defineIteratorMethods
FN:13,(anonymous_16)
FN:13,(anonymous_17)
FN:13,AsyncIterator
FN:13,invoke
FN:13,(anonymous_20)
FN:13,(anonymous_21)
FN:13,(anonymous_22)
FN:13,(anonymous_23)
FN:13,value
FN:13,callInvokeWithMethodAndArg
FN:13,(anonymous_26)
FN:13,makeInvokeMethod
FN:13,(anonymous_28)
FN:13,maybeInvokeDelegate
FN:13,pushTryEntry
FN:13,resetTryEntry
FN:13,Context
FN:13,values
FN:13,next
FN:13,(anonymous_35)
FN:13,(anonymous_36)
FN:13,(anonymous_37)
FN:13,(anonymous_38)
FN:13,(anonymous_39)
FN:13,(anonymous_40)
FN:13,(anonymous_41)
FN:13,(anonymous_42)
FN:13,(anonymous_43)
FN:13,next
FN:13,reset
FN:13,stop
FN:13,dispatchException
FN:13,handle
FN:13,abrupt
FN:13,complete
FN:13,finish
FN:13,_catch
FN:13,delegateYield
FN:14,asyncGeneratorStep
FN:15,_asyncToGenerator
FN:15,(anonymous_56)
FN:15,(anonymous_57)
FN:15,_next
FN:15,_throw
FN:18,setup
FN:23,(anonymous_61)
FN:26,(anonymous_62)
FN:31,_callee
FN:32,_callee$
FN:57,goToPokemonDetail
FN:75,(anonymous_66)
FN:78,(anonymous_67)
FN:119,render
FN:120,(anonymous_69)
FN:123,onClick
FNF:71
FNH:32
FNDA:0,_typeof
FNDA:0,(anonymous_1)
FNDA:0,(anonymous_2)
FNDA:1,_interopRequireDefault
FNDA:1,_regeneratorRuntime
FNDA:13,_regeneratorRuntime
FNDA:0,(anonymous_6)
FNDA:13,define
FNDA:0,define
FNDA:7,wrap
FNDA:8,tryCatch
FNDA:0,Generator
FNDA:0,GeneratorFunction
FNDA:0,GeneratorFunctionPrototype
FNDA:0,(anonymous_14)
FNDA:2,defineIteratorMethods
FNDA:6,(anonymous_16)
FNDA:8,(anonymous_17)
FNDA:0,AsyncIterator
FNDA:0,invoke
FNDA:0,(anonymous_20)
FNDA:0,(anonymous_21)
FNDA:0,(anonymous_22)
FNDA:0,(anonymous_23)
FNDA:0,value
FNDA:0,callInvokeWithMethodAndArg
FNDA:0,(anonymous_26)
FNDA:7,makeInvokeMethod
FNDA:8,(anonymous_28)
FNDA:0,maybeInvokeDelegate
FNDA:7,pushTryEntry
FNDA:14,resetTryEntry
FNDA:7,Context
FNDA:1,values
FNDA:0,next
FNDA:0,(anonymous_35)
FNDA:7,(anonymous_36)
FNDA:0,(anonymous_37)
FNDA:0,(anonymous_38)
FNDA:0,(anonymous_39)
FNDA:0,(anonymous_40)
FNDA:0,(anonymous_41)
FNDA:0,(anonymous_42)
FNDA:0,(anonymous_43)
FNDA:0,next
FNDA:7,reset
FNDA:7,stop
FNDA:0,dispatchException
FNDA:0,handle
FNDA:0,abrupt
FNDA:0,complete
FNDA:0,finish
FNDA:0,_catch
FNDA:0,delegateYield
FNDA:8,asyncGeneratorStep
FNDA:7,_asyncToGenerator
FNDA:7,(anonymous_56)
FNDA:7,(anonymous_57)
FNDA:8,_next
FNDA:0,_throw
FNDA:7,setup
FNDA:7,(anonymous_61)
FNDA:6,(anonymous_62)
FNDA:7,_callee
FNDA:8,_callee$
FNDA:2,goToPokemonDetail
FNDA:0,(anonymous_66)
FNDA:0,(anonymous_67)
FNDA:7,render
FNDA:10,(anonymous_69)
FNDA:2,onClick
DA:3,0
DA:4,1
DA:7,1
DA:8,1
DA:9,1
DA:10,1
DA:11,1
DA:12,1
DA:13,14
DA:14,8
DA:15,8
DA:16,1
DA:19,7
DA:20,7
DA:21,7
DA:22,7
DA:23,7
DA:24,7
DA:26,7
DA:27,6
DA:29,7
DA:30,7
DA:31,7
DA:32,7
DA:33,15
DA:35,7
DA:36,6
DA:37,6
DA:39,1
DA:40,1
DA:41,1
DA:43,1
DA:44,1
DA:45,1
DA:47,0
DA:48,0
DA:49,0
DA:50,0
DA:53,7
DA:57,7
DA:58,2
DA:65,7
DA:76,0
DA:79,0
DA:83,7
DA:87,7
DA:92,1
DA:95,1
DA:96,1
DA:97,1
DA:101,1
DA:104,1
DA:107,1
DA:111,1
DA:112,1
DA:115,1
DA:118,1
DA:120,7
DA:121,10
DA:124,2
DA:129,1
LF:61
LH:54
BRDA:3,0,0,0
BRDA:3,0,1,0
BRDA:3,1,0,0
BRDA:3,1,1,0
BRDA:3,2,0,0
BRDA:3,2,1,0
BRDA:3,3,0,0
BRDA:3,3,1,0
BRDA:3,3,2,0
BRDA:3,3,3,0
BRDA:12,4,0,1
BRDA:12,4,1,0
BRDA:12,5,0,1
BRDA:12,5,1,1
BRDA:13,6,0,1
BRDA:13,6,1,0
BRDA:13,7,0,1
BRDA:13,7,1,0
BRDA:13,8,0,1
BRDA:13,8,1,0
BRDA:13,9,0,1
BRDA:13,9,1,0
BRDA:13,10,0,1
BRDA:13,10,1,0
BRDA:13,11,0,7
BRDA:13,11,1,0
BRDA:13,12,0,7
BRDA:13,12,1,7
BRDA:13,13,0,7
BRDA:13,13,1,0
BRDA:13,14,0,1
BRDA:13,14,1,1
BRDA:13,15,0,1
BRDA:13,15,1,1
BRDA:13,15,2,1
BRDA:13,15,3,1
BRDA:13,16,0,0
BRDA:13,16,1,0
BRDA:13,17,0,0
BRDA:13,17,1,0
BRDA:13,18,0,0
BRDA:13,18,1,0
BRDA:13,18,2,0
BRDA:13,19,0,0
BRDA:13,19,1,0
BRDA:13,20,0,0
BRDA:13,20,1,8
BRDA:13,21,0,0
BRDA:13,21,1,8
BRDA:13,22,0,0
BRDA:13,22,1,0
BRDA:13,23,0,0
BRDA:13,23,1,8
BRDA:13,24,0,0
BRDA:13,24,1,0
BRDA:13,25,0,0
BRDA:13,25,1,0
BRDA:13,26,0,8
BRDA:13,26,1,0
BRDA:13,27,0,0
BRDA:13,27,1,0
BRDA:13,28,0,0
BRDA:13,28,1,0
BRDA:13,29,0,0
BRDA:13,29,1,0
BRDA:13,30,0,8
BRDA:13,30,1,0
BRDA:13,31,0,0
BRDA:13,31,1,8
BRDA:13,32,0,7
BRDA:13,32,1,1
BRDA:13,33,0,0
BRDA:13,33,1,0
BRDA:13,34,0,0
BRDA:13,34,1,0
BRDA:13,35,0,0
BRDA:13,35,1,0
BRDA:13,35,2,0
BRDA:13,35,3,0
BRDA:13,35,4,0
BRDA:13,36,0,0
BRDA:13,36,1,0
BRDA:13,37,0,0
BRDA:13,37,1,0
BRDA:13,38,0,0
BRDA:13,38,1,0
BRDA:13,39,0,0
BRDA:13,39,1,0
BRDA:13,40,0,7
BRDA:13,40,1,7
BRDA:13,41,0,7
BRDA:13,41,1,0
BRDA:13,42,0,14
BRDA:13,42,1,14
BRDA:13,43,0,1
BRDA:13,43,1,0
BRDA:13,44,0,1
BRDA:13,44,1,0
BRDA:13,45,0,1
BRDA:13,45,1,0
BRDA:13,46,0,0
BRDA:13,46,1,0
BRDA:13,47,0,0
BRDA:13,47,1,0
BRDA:13,48,0,0
BRDA:13,48,1,0
BRDA:13,49,0,0
BRDA:13,49,1,0
BRDA:13,50,0,0
BRDA:13,50,1,0
BRDA:13,50,2,0
BRDA:13,51,0,0
BRDA:13,51,1,0
BRDA:13,52,0,7
BRDA:13,52,1,0
BRDA:13,53,0,0
BRDA:13,53,1,0
BRDA:13,54,0,0
BRDA:13,54,1,0
BRDA:13,55,0,0
BRDA:13,55,1,0
BRDA:13,56,0,0
BRDA:13,56,1,0
BRDA:13,57,0,0
BRDA:13,57,1,7
BRDA:13,58,0,0
BRDA:13,58,1,0
BRDA:13,58,2,0
BRDA:13,58,3,0
BRDA:13,59,0,0
BRDA:13,59,1,7
BRDA:13,60,0,0
BRDA:13,60,1,0
BRDA:13,61,0,0
BRDA:13,61,1,0
BRDA:13,62,0,0
BRDA:13,62,1,0
BRDA:13,63,0,0
BRDA:13,63,1,0
BRDA:13,64,0,0
BRDA:13,64,1,0
BRDA:13,65,0,0
BRDA:13,65,1,0
BRDA:13,66,0,0
BRDA:13,66,1,0
BRDA:13,67,0,0
BRDA:13,67,1,0
BRDA:13,68,0,0
BRDA:13,68,1,0
BRDA:13,69,0,0
BRDA:13,69,1,0
BRDA:13,70,0,0
BRDA:13,70,1,0
BRDA:13,71,0,0
BRDA:13,71,1,0
BRDA:13,72,0,0
BRDA:13,72,1,0
BRDA:13,73,0,0
BRDA:13,73,1,0
BRDA:13,73,2,0
BRDA:13,74,0,0
BRDA:13,74,1,0
BRDA:13,74,2,0
BRDA:13,74,3,0
BRDA:13,74,4,0
BRDA:13,74,5,0
BRDA:13,75,0,0
BRDA:13,75,1,0
BRDA:13,76,0,0
BRDA:13,76,1,0
BRDA:13,77,0,0
BRDA:13,77,1,0
BRDA:13,78,0,0
BRDA:13,78,1,0
BRDA:13,79,0,0
BRDA:13,79,1,0
BRDA:13,80,0,0
BRDA:13,80,1,0
BRDA:13,81,0,0
BRDA:13,81,1,0
BRDA:13,81,2,0
BRDA:13,82,0,0
BRDA:13,82,1,0
BRDA:13,83,0,0
BRDA:13,83,1,0
BRDA:13,84,0,0
BRDA:13,84,1,0
BRDA:13,85,0,0
BRDA:13,85,1,0
BRDA:14,86,0,7
BRDA:14,86,1,1
BRDA:33,87,0,7
BRDA:33,87,1,1
BRDA:33,87,2,0
BRDA:33,87,3,7
BRDA:33,87,4,7
BRDA:35,88,0,6
BRDA:35,88,1,1
BRDA:120,89,0,6
BRDA:120,89,1,1
BRDA:120,90,0,7
BRDA:120,90,1,7
BRDA:120,91,0,1
BRDA:120,91,1,5
BRF:204
BRH:51
end_of_record
